2025-11-20 20:08:00,219 — DQN_CartPole — [INFO] — recorder.py:22 — Experiment configuration: {'exp_name': 'DQN_CartPole', 'seed': 42, 'qnet_config': {'hidden_sizes': (128, 128), 'device': 'cpu'}, 'batch_size': 64, 'n_episodes': 1000, 'gamma': 0.95, 'learning_rate': 0.001, 'epsilon_start': 1.0, 'epsilon_decay': 0.995, 'epsilon_end': 0.01, 'device': 'cpu', 'env_name': 'CartPole-v1', 'buffer_size': 2000, 'stored_dir': 'checkpoints/dqn', 'ckpt_interval': 50, 'ckpt_path': 'dqn_cartpole.pth', 'use_prioritized_replay': True}
2025-11-20 20:08:00,224 — DQN_CartPole — [INFO] — trainer.py:21 — Starting training CartPole-v1
2025-11-20 20:08:00,224 — DQN_CartPole — [INFO] — trainer.py:63 — Episode: 1/1000, Score: 1.00, Steps: 13, Epsilon: 1.000
2025-11-20 20:08:00,224 — DQN_CartPole — [INFO] — trainer.py:63 — Episode: 2/1000, Score: 22.00, Steps: 34, Epsilon: 0.995
2025-11-20 20:08:00,224 — DQN_CartPole — [INFO] — trainer.py:63 — Episode: 3/1000, Score: -1.00, Steps: 11, Epsilon: 0.990
2025-11-20 20:08:00,247 — DQN_CartPole — [INFO] — trainer.py:63 — Episode: 4/1000, Score: 1.00, Steps: 13, Epsilon: 0.985
2025-11-20 20:08:00,260 — DQN_CartPole — [INFO] — trainer.py:63 — Episode: 5/1000, Score: 10.00, Steps: 22, Epsilon: 0.980
2025-11-20 20:08:00,270 — DQN_CartPole — [INFO] — trainer.py:63 — Episode: 6/1000, Score: -1.00, Steps: 11, Epsilon: 0.975
2025-11-20 20:08:00,277 — DQN_CartPole — [INFO] — trainer.py:63 — Episode: 7/1000, Score: 5.00, Steps: 17, Epsilon: 0.970
2025-11-20 20:08:00,289 — DQN_CartPole — [INFO] — trainer.py:63 — Episode: 8/1000, Score: 5.00, Steps: 17, Epsilon: 0.966
2025-11-20 20:08:00,299 — DQN_CartPole — [INFO] — trainer.py:63 — Episode: 9/1000, Score: 6.00, Steps: 18, Epsilon: 0.961
2025-11-20 20:08:00,310 — DQN_CartPole — [INFO] — trainer.py:63 — Episode: 10/1000, Score: 5.00, Steps: 17, Epsilon: 0.956
2025-11-20 20:08:00,321 — DQN_CartPole — [INFO] — trainer.py:63 — Episode: 11/1000, Score: 10.00, Steps: 22, Epsilon: 0.951
2025-11-20 20:08:00,331 — DQN_CartPole — [INFO] — trainer.py:63 — Episode: 12/1000, Score: 1.00, Steps: 13, Epsilon: 0.946
2025-11-20 20:08:00,342 — DQN_CartPole — [INFO] — trainer.py:63 — Episode: 13/1000, Score: 7.00, Steps: 19, Epsilon: 0.942
2025-11-20 20:08:00,351 — DQN_CartPole — [INFO] — trainer.py:63 — Episode: 14/1000, Score: 0.00, Steps: 12, Epsilon: 0.937
2025-11-20 20:08:00,362 — DQN_CartPole — [INFO] — trainer.py:63 — Episode: 15/1000, Score: 12.00, Steps: 24, Epsilon: 0.932
2025-11-20 20:08:00,375 — DQN_CartPole — [INFO] — trainer.py:63 — Episode: 16/1000, Score: 22.00, Steps: 34, Epsilon: 0.928
2025-11-20 20:08:00,385 — DQN_CartPole — [INFO] — trainer.py:63 — Episode: 17/1000, Score: 12.00, Steps: 24, Epsilon: 0.923
2025-11-20 20:08:00,393 — DQN_CartPole — [INFO] — trainer.py:63 — Episode: 18/1000, Score: 10.00, Steps: 22, Epsilon: 0.918
2025-11-20 20:08:00,400 — DQN_CartPole — [INFO] — trainer.py:63 — Episode: 19/1000, Score: 6.00, Steps: 18, Epsilon: 0.914
2025-11-20 20:08:00,404 — DQN_CartPole — [INFO] — trainer.py:63 — Episode: 20/1000, Score: 0.00, Steps: 12, Epsilon: 0.909
2025-11-20 20:08:00,416 — DQN_CartPole — [INFO] — trainer.py:63 — Episode: 21/1000, Score: 16.00, Steps: 28, Epsilon: 0.905
2025-11-20 20:08:00,425 — DQN_CartPole — [INFO] — trainer.py:63 — Episode: 22/1000, Score: 19.00, Steps: 31, Epsilon: 0.900
2025-11-20 20:08:00,436 — DQN_CartPole — [INFO] — trainer.py:63 — Episode: 23/1000, Score: 10.00, Steps: 22, Epsilon: 0.896
2025-11-20 20:08:00,454 — DQN_CartPole — [INFO] — trainer.py:63 — Episode: 24/1000, Score: 60.00, Steps: 72, Epsilon: 0.891
2025-11-20 20:08:00,464 — DQN_CartPole — [INFO] — trainer.py:63 — Episode: 25/1000, Score: 4.00, Steps: 16, Epsilon: 0.887
2025-11-20 20:08:00,473 — DQN_CartPole — [INFO] — trainer.py:63 — Episode: 26/1000, Score: 22.00, Steps: 34, Epsilon: 0.882
2025-11-20 20:08:00,484 — DQN_CartPole — [INFO] — trainer.py:63 — Episode: 27/1000, Score: 6.00, Steps: 18, Epsilon: 0.878
2025-11-20 20:08:00,497 — DQN_CartPole — [INFO] — trainer.py:63 — Episode: 28/1000, Score: 14.00, Steps: 26, Epsilon: 0.873
2025-11-20 20:08:00,510 — DQN_CartPole — [INFO] — trainer.py:63 — Episode: 29/1000, Score: 25.00, Steps: 37, Epsilon: 0.869
2025-11-20 20:08:00,522 — DQN_CartPole — [INFO] — trainer.py:63 — Episode: 30/1000, Score: 15.00, Steps: 27, Epsilon: 0.865
2025-11-20 20:08:00,530 — DQN_CartPole — [INFO] — trainer.py:63 — Episode: 31/1000, Score: 7.00, Steps: 19, Epsilon: 0.860
2025-11-20 20:08:00,541 — DQN_CartPole — [INFO] — trainer.py:63 — Episode: 32/1000, Score: 46.00, Steps: 58, Epsilon: 0.856
2025-11-20 20:08:00,550 — DQN_CartPole — [INFO] — trainer.py:63 — Episode: 33/1000, Score: 3.00, Steps: 15, Epsilon: 0.852
2025-11-20 20:08:00,562 — DQN_CartPole — [INFO] — trainer.py:63 — Episode: 34/1000, Score: 17.00, Steps: 29, Epsilon: 0.848
2025-11-20 20:08:00,574 — DQN_CartPole — [INFO] — trainer.py:63 — Episode: 35/1000, Score: 4.00, Steps: 16, Epsilon: 0.843
2025-11-20 20:08:00,589 — DQN_CartPole — [INFO] — trainer.py:63 — Episode: 36/1000, Score: 24.00, Steps: 36, Epsilon: 0.839
2025-11-20 20:08:00,596 — DQN_CartPole — [INFO] — trainer.py:63 — Episode: 37/1000, Score: 1.00, Steps: 13, Epsilon: 0.835
2025-11-20 20:08:00,610 — DQN_CartPole — [INFO] — trainer.py:63 — Episode: 38/1000, Score: 21.00, Steps: 33, Epsilon: 0.831
2025-11-20 20:08:00,621 — DQN_CartPole — [INFO] — trainer.py:63 — Episode: 39/1000, Score: 5.00, Steps: 17, Epsilon: 0.827
2025-11-20 20:08:00,631 — DQN_CartPole — [INFO] — trainer.py:63 — Episode: 40/1000, Score: 6.00, Steps: 18, Epsilon: 0.822
2025-11-20 20:08:00,644 — DQN_CartPole — [INFO] — trainer.py:63 — Episode: 41/1000, Score: 1.00, Steps: 13, Epsilon: 0.818
2025-11-20 20:08:00,657 — DQN_CartPole — [INFO] — trainer.py:63 — Episode: 42/1000, Score: 23.00, Steps: 35, Epsilon: 0.814
2025-11-20 20:08:00,667 — DQN_CartPole — [INFO] — trainer.py:63 — Episode: 43/1000, Score: 15.00, Steps: 27, Epsilon: 0.810
2025-11-20 20:08:00,684 — DQN_CartPole — [INFO] — trainer.py:63 — Episode: 44/1000, Score: 67.00, Steps: 79, Epsilon: 0.806
2025-11-20 20:08:00,695 — DQN_CartPole — [INFO] — trainer.py:63 — Episode: 45/1000, Score: 8.00, Steps: 20, Epsilon: 0.802
2025-11-20 20:08:00,707 — DQN_CartPole — [INFO] — trainer.py:63 — Episode: 46/1000, Score: 6.00, Steps: 18, Epsilon: 0.798
2025-11-20 20:08:00,716 — DQN_CartPole — [INFO] — trainer.py:63 — Episode: 47/1000, Score: 15.00, Steps: 27, Epsilon: 0.794
2025-11-20 20:08:00,727 — DQN_CartPole — [INFO] — trainer.py:63 — Episode: 48/1000, Score: 11.00, Steps: 23, Epsilon: 0.790
2025-11-20 20:08:00,739 — DQN_CartPole — [INFO] — trainer.py:63 — Episode: 49/1000, Score: 15.00, Steps: 27, Epsilon: 0.786
2025-11-20 20:08:00,776 — DQN_CartPole — [INFO] — recorder.py:33 — Saved model to checkpoints\dqn\20251120-2008\ckpt_ep50.pth
2025-11-20 20:08:00,777 — DQN_CartPole — [INFO] — trainer.py:63 — Episode: 50/1000, Score: 34.00, Steps: 46, Epsilon: 0.782
2025-11-20 20:08:00,789 — DQN_CartPole — [INFO] — trainer.py:63 — Episode: 51/1000, Score: 13.00, Steps: 25, Epsilon: 0.778
2025-11-20 20:08:00,802 — DQN_CartPole — [INFO] — trainer.py:63 — Episode: 52/1000, Score: 10.00, Steps: 22, Epsilon: 0.774
2025-11-20 20:08:00,810 — DQN_CartPole — [INFO] — trainer.py:63 — Episode: 53/1000, Score: 3.00, Steps: 15, Epsilon: 0.771
2025-11-20 20:08:00,823 — DQN_CartPole — [INFO] — trainer.py:63 — Episode: 54/1000, Score: 19.00, Steps: 31, Epsilon: 0.767
2025-11-20 20:08:00,837 — DQN_CartPole — [INFO] — trainer.py:63 — Episode: 55/1000, Score: 24.00, Steps: 36, Epsilon: 0.763
2025-11-20 20:08:00,850 — DQN_CartPole — [INFO] — trainer.py:63 — Episode: 56/1000, Score: 32.00, Steps: 44, Epsilon: 0.759
2025-11-20 20:08:00,858 — DQN_CartPole — [INFO] — trainer.py:63 — Episode: 57/1000, Score: 14.00, Steps: 26, Epsilon: 0.755
2025-11-20 20:08:00,870 — DQN_CartPole — [INFO] — trainer.py:63 — Episode: 58/1000, Score: 5.00, Steps: 17, Epsilon: 0.751
2025-11-20 20:08:00,883 — DQN_CartPole — [INFO] — trainer.py:63 — Episode: 59/1000, Score: 14.00, Steps: 26, Epsilon: 0.748
2025-11-20 20:08:00,898 — DQN_CartPole — [INFO] — trainer.py:63 — Episode: 60/1000, Score: 9.00, Steps: 21, Epsilon: 0.744
2025-11-20 20:08:00,906 — DQN_CartPole — [INFO] — trainer.py:63 — Episode: 61/1000, Score: 1.00, Steps: 13, Epsilon: 0.740
2025-11-20 20:08:00,919 — DQN_CartPole — [INFO] — trainer.py:63 — Episode: 62/1000, Score: 10.00, Steps: 22, Epsilon: 0.737
2025-11-20 20:08:00,931 — DQN_CartPole — [INFO] — trainer.py:63 — Episode: 63/1000, Score: 1.00, Steps: 13, Epsilon: 0.733
2025-11-20 20:08:00,941 — DQN_CartPole — [INFO] — trainer.py:63 — Episode: 64/1000, Score: 27.00, Steps: 39, Epsilon: 0.729
2025-11-20 20:08:00,953 — DQN_CartPole — [INFO] — trainer.py:63 — Episode: 65/1000, Score: 70.00, Steps: 82, Epsilon: 0.726
2025-11-20 20:08:00,964 — DQN_CartPole — [INFO] — trainer.py:63 — Episode: 66/1000, Score: 25.00, Steps: 37, Epsilon: 0.722
2025-11-20 20:08:00,979 — DQN_CartPole — [INFO] — trainer.py:63 — Episode: 67/1000, Score: 43.00, Steps: 55, Epsilon: 0.718
2025-11-20 20:08:00,990 — DQN_CartPole — [INFO] — trainer.py:63 — Episode: 68/1000, Score: 8.00, Steps: 20, Epsilon: 0.715
2025-11-20 20:08:01,000 — DQN_CartPole — [INFO] — trainer.py:63 — Episode: 69/1000, Score: 39.00, Steps: 51, Epsilon: 0.711
2025-11-20 20:08:01,016 — DQN_CartPole — [INFO] — trainer.py:63 — Episode: 70/1000, Score: 28.00, Steps: 40, Epsilon: 0.708
2025-11-20 20:08:01,026 — DQN_CartPole — [INFO] — trainer.py:63 — Episode: 71/1000, Score: 14.00, Steps: 26, Epsilon: 0.704
2025-11-20 20:08:01,039 — DQN_CartPole — [INFO] — trainer.py:63 — Episode: 72/1000, Score: 1.00, Steps: 13, Epsilon: 0.701
2025-11-20 20:08:01,051 — DQN_CartPole — [INFO] — trainer.py:63 — Episode: 73/1000, Score: 2.00, Steps: 14, Epsilon: 0.697
2025-11-20 20:08:01,062 — DQN_CartPole — [INFO] — trainer.py:63 — Episode: 74/1000, Score: 10.00, Steps: 22, Epsilon: 0.694
2025-11-20 20:08:01,077 — DQN_CartPole — [INFO] — trainer.py:63 — Episode: 75/1000, Score: 34.00, Steps: 46, Epsilon: 0.690
2025-11-20 20:08:01,089 — DQN_CartPole — [INFO] — trainer.py:63 — Episode: 76/1000, Score: 7.00, Steps: 19, Epsilon: 0.687
2025-11-20 20:08:01,103 — DQN_CartPole — [INFO] — trainer.py:63 — Episode: 77/1000, Score: 11.00, Steps: 23, Epsilon: 0.683
2025-11-20 20:08:01,112 — DQN_CartPole — [INFO] — trainer.py:63 — Episode: 78/1000, Score: 26.00, Steps: 38, Epsilon: 0.680
2025-11-20 20:08:01,121 — DQN_CartPole — [INFO] — trainer.py:63 — Episode: 79/1000, Score: 20.00, Steps: 32, Epsilon: 0.676
2025-11-20 20:08:01,132 — DQN_CartPole — [INFO] — trainer.py:63 — Episode: 80/1000, Score: 7.00, Steps: 19, Epsilon: 0.673
2025-11-20 20:08:01,141 — DQN_CartPole — [INFO] — trainer.py:63 — Episode: 81/1000, Score: 4.00, Steps: 16, Epsilon: 0.670
2025-11-20 20:08:01,152 — DQN_CartPole — [INFO] — trainer.py:63 — Episode: 82/1000, Score: 7.00, Steps: 19, Epsilon: 0.666
2025-11-20 20:08:01,162 — DQN_CartPole — [INFO] — trainer.py:63 — Episode: 83/1000, Score: 12.00, Steps: 24, Epsilon: 0.663
2025-11-20 20:08:01,171 — DQN_CartPole — [INFO] — trainer.py:63 — Episode: 84/1000, Score: 20.00, Steps: 32, Epsilon: 0.660
2025-11-20 20:08:01,181 — DQN_CartPole — [INFO] — trainer.py:63 — Episode: 85/1000, Score: 14.00, Steps: 26, Epsilon: 0.656
2025-11-20 20:08:01,192 — DQN_CartPole — [INFO] — trainer.py:63 — Episode: 86/1000, Score: 2.00, Steps: 14, Epsilon: 0.653
2025-11-20 20:08:01,207 — DQN_CartPole — [INFO] — trainer.py:63 — Episode: 87/1000, Score: 16.00, Steps: 28, Epsilon: 0.650
2025-11-20 20:08:01,223 — DQN_CartPole — [INFO] — trainer.py:63 — Episode: 88/1000, Score: 48.00, Steps: 60, Epsilon: 0.647
2025-11-20 20:08:01,237 — DQN_CartPole — [INFO] — trainer.py:63 — Episode: 89/1000, Score: 19.00, Steps: 31, Epsilon: 0.643
2025-11-20 20:08:01,246 — DQN_CartPole — [INFO] — trainer.py:63 — Episode: 90/1000, Score: 26.00, Steps: 38, Epsilon: 0.640
2025-11-20 20:08:01,254 — DQN_CartPole — [INFO] — trainer.py:63 — Episode: 91/1000, Score: 31.00, Steps: 43, Epsilon: 0.637
2025-11-20 20:08:01,266 — DQN_CartPole — [INFO] — trainer.py:63 — Episode: 92/1000, Score: 12.00, Steps: 24, Epsilon: 0.634
2025-11-20 20:08:01,281 — DQN_CartPole — [INFO] — trainer.py:63 — Episode: 93/1000, Score: 26.00, Steps: 38, Epsilon: 0.631
2025-11-20 20:08:01,293 — DQN_CartPole — [INFO] — trainer.py:63 — Episode: 94/1000, Score: 5.00, Steps: 17, Epsilon: 0.627
2025-11-20 20:08:01,314 — DQN_CartPole — [INFO] — trainer.py:63 — Episode: 95/1000, Score: 61.00, Steps: 73, Epsilon: 0.624
2025-11-20 20:08:01,321 — DQN_CartPole — [INFO] — trainer.py:63 — Episode: 96/1000, Score: 20.00, Steps: 32, Epsilon: 0.621
2025-11-20 20:08:01,341 — DQN_CartPole — [INFO] — trainer.py:63 — Episode: 97/1000, Score: 51.00, Steps: 63, Epsilon: 0.618
2025-11-20 20:08:01,353 — DQN_CartPole — [INFO] — trainer.py:63 — Episode: 98/1000, Score: 17.00, Steps: 29, Epsilon: 0.615
2025-11-20 20:08:01,368 — DQN_CartPole — [INFO] — trainer.py:63 — Episode: 99/1000, Score: 25.00, Steps: 37, Epsilon: 0.612
2025-11-20 20:08:01,381 — DQN_CartPole — [INFO] — recorder.py:33 — Saved model to checkpoints\dqn\20251120-2008\ckpt_ep100.pth
2025-11-20 20:08:01,381 — DQN_CartPole — [INFO] — trainer.py:63 — Episode: 100/1000, Score: 2.00, Steps: 14, Epsilon: 0.609
2025-11-20 20:08:01,397 — DQN_CartPole — [INFO] — trainer.py:63 — Episode: 101/1000, Score: 10.00, Steps: 22, Epsilon: 0.606
2025-11-20 20:08:01,406 — DQN_CartPole — [INFO] — trainer.py:63 — Episode: 102/1000, Score: 35.00, Steps: 47, Epsilon: 0.603
2025-11-20 20:08:01,421 — DQN_CartPole — [INFO] — trainer.py:63 — Episode: 103/1000, Score: 10.00, Steps: 22, Epsilon: 0.600
2025-11-20 20:08:01,433 — DQN_CartPole — [INFO] — trainer.py:63 — Episode: 104/1000, Score: 30.00, Steps: 42, Epsilon: 0.597
2025-11-20 20:08:01,441 — DQN_CartPole — [INFO] — trainer.py:63 — Episode: 105/1000, Score: 17.00, Steps: 29, Epsilon: 0.594
2025-11-20 20:08:01,454 — DQN_CartPole — [INFO] — trainer.py:63 — Episode: 106/1000, Score: 6.00, Steps: 18, Epsilon: 0.591
2025-11-20 20:08:01,463 — DQN_CartPole — [INFO] — trainer.py:63 — Episode: 107/1000, Score: 20.00, Steps: 32, Epsilon: 0.588
2025-11-20 20:08:01,480 — DQN_CartPole — [INFO] — trainer.py:63 — Episode: 108/1000, Score: 28.00, Steps: 40, Epsilon: 0.585
2025-11-20 20:08:01,497 — DQN_CartPole — [INFO] — trainer.py:63 — Episode: 109/1000, Score: 26.00, Steps: 38, Epsilon: 0.582
2025-11-20 20:08:01,512 — DQN_CartPole — [INFO] — trainer.py:63 — Episode: 110/1000, Score: 14.00, Steps: 26, Epsilon: 0.579
2025-11-20 20:08:01,525 — DQN_CartPole — [INFO] — trainer.py:63 — Episode: 111/1000, Score: 13.00, Steps: 25, Epsilon: 0.576
2025-11-20 20:08:01,546 — DQN_CartPole — [INFO] — trainer.py:63 — Episode: 112/1000, Score: 54.00, Steps: 66, Epsilon: 0.573
2025-11-20 20:08:01,568 — DQN_CartPole — [INFO] — trainer.py:63 — Episode: 113/1000, Score: 53.00, Steps: 65, Epsilon: 0.570
2025-11-20 20:08:01,578 — DQN_CartPole — [INFO] — trainer.py:63 — Episode: 114/1000, Score: 55.00, Steps: 67, Epsilon: 0.568
2025-11-20 20:08:01,591 — DQN_CartPole — [INFO] — trainer.py:63 — Episode: 115/1000, Score: 17.00, Steps: 29, Epsilon: 0.565
2025-11-20 20:08:01,606 — DQN_CartPole — [INFO] — trainer.py:63 — Episode: 116/1000, Score: 20.00, Steps: 32, Epsilon: 0.562
2025-11-20 20:08:01,633 — DQN_CartPole — [INFO] — trainer.py:63 — Episode: 117/1000, Score: 90.00, Steps: 102, Epsilon: 0.559
2025-11-20 20:08:01,656 — DQN_CartPole — [INFO] — trainer.py:63 — Episode: 118/1000, Score: 46.00, Steps: 58, Epsilon: 0.556
2025-11-20 20:08:01,680 — DQN_CartPole — [INFO] — trainer.py:63 — Episode: 119/1000, Score: 67.00, Steps: 79, Epsilon: 0.554
2025-11-20 20:08:01,696 — DQN_CartPole — [INFO] — trainer.py:63 — Episode: 120/1000, Score: 23.00, Steps: 35, Epsilon: 0.551
2025-11-20 20:08:01,724 — DQN_CartPole — [INFO] — trainer.py:63 — Episode: 121/1000, Score: 86.00, Steps: 98, Epsilon: 0.548
2025-11-20 20:08:01,737 — DQN_CartPole — [INFO] — trainer.py:63 — Episode: 122/1000, Score: 9.00, Steps: 21, Epsilon: 0.545
2025-11-20 20:08:01,755 — DQN_CartPole — [INFO] — trainer.py:63 — Episode: 123/1000, Score: 22.00, Steps: 34, Epsilon: 0.543
2025-11-20 20:08:01,770 — DQN_CartPole — [INFO] — trainer.py:63 — Episode: 124/1000, Score: 26.00, Steps: 38, Epsilon: 0.540
2025-11-20 20:08:01,782 — DQN_CartPole — [INFO] — trainer.py:63 — Episode: 125/1000, Score: 49.00, Steps: 61, Epsilon: 0.537
2025-11-20 20:08:01,798 — DQN_CartPole — [INFO] — trainer.py:63 — Episode: 126/1000, Score: 21.00, Steps: 33, Epsilon: 0.534
2025-11-20 20:08:01,814 — DQN_CartPole — [INFO] — trainer.py:63 — Episode: 127/1000, Score: 13.00, Steps: 25, Epsilon: 0.532
2025-11-20 20:08:01,827 — DQN_CartPole — [INFO] — trainer.py:63 — Episode: 128/1000, Score: 13.00, Steps: 25, Epsilon: 0.529
2025-11-20 20:08:01,849 — DQN_CartPole — [INFO] — trainer.py:63 — Episode: 129/1000, Score: 43.00, Steps: 55, Epsilon: 0.526
2025-11-20 20:08:01,861 — DQN_CartPole — [INFO] — trainer.py:63 — Episode: 130/1000, Score: 18.00, Steps: 30, Epsilon: 0.524
2025-11-20 20:08:01,877 — DQN_CartPole — [INFO] — trainer.py:63 — Episode: 131/1000, Score: 23.00, Steps: 35, Epsilon: 0.521
2025-11-20 20:08:01,887 — DQN_CartPole — [INFO] — trainer.py:63 — Episode: 132/1000, Score: 28.00, Steps: 40, Epsilon: 0.519
2025-11-20 20:08:01,902 — DQN_CartPole — [INFO] — trainer.py:63 — Episode: 133/1000, Score: 22.00, Steps: 34, Epsilon: 0.516
2025-11-20 20:08:01,920 — DQN_CartPole — [INFO] — trainer.py:63 — Episode: 134/1000, Score: 40.00, Steps: 52, Epsilon: 0.513
2025-11-20 20:08:01,941 — DQN_CartPole — [INFO] — trainer.py:63 — Episode: 135/1000, Score: 35.00, Steps: 47, Epsilon: 0.511
2025-11-20 20:08:01,963 — DQN_CartPole — [INFO] — trainer.py:63 — Episode: 136/1000, Score: 65.00, Steps: 77, Epsilon: 0.508
2025-11-20 20:08:01,988 — DQN_CartPole — [INFO] — trainer.py:63 — Episode: 137/1000, Score: 95.00, Steps: 107, Epsilon: 0.506
2025-11-20 20:08:02,008 — DQN_CartPole — [INFO] — trainer.py:63 — Episode: 138/1000, Score: 43.00, Steps: 55, Epsilon: 0.503
2025-11-20 20:08:02,022 — DQN_CartPole — [INFO] — trainer.py:63 — Episode: 139/1000, Score: 13.00, Steps: 25, Epsilon: 0.501
2025-11-20 20:08:02,037 — DQN_CartPole — [INFO] — trainer.py:63 — Episode: 140/1000, Score: 14.00, Steps: 26, Epsilon: 0.498
2025-11-20 20:08:02,056 — DQN_CartPole — [INFO] — trainer.py:63 — Episode: 141/1000, Score: 41.00, Steps: 53, Epsilon: 0.496
2025-11-20 20:08:02,069 — DQN_CartPole — [INFO] — trainer.py:63 — Episode: 142/1000, Score: 46.00, Steps: 58, Epsilon: 0.493
2025-11-20 20:08:02,091 — DQN_CartPole — [INFO] — trainer.py:63 — Episode: 143/1000, Score: 45.00, Steps: 57, Epsilon: 0.491
2025-11-20 20:08:02,114 — DQN_CartPole — [INFO] — trainer.py:63 — Episode: 144/1000, Score: 57.00, Steps: 69, Epsilon: 0.488
2025-11-20 20:08:02,131 — DQN_CartPole — [INFO] — trainer.py:63 — Episode: 145/1000, Score: 34.00, Steps: 46, Epsilon: 0.486
2025-11-20 20:08:02,146 — DQN_CartPole — [INFO] — trainer.py:63 — Episode: 146/1000, Score: 9.00, Steps: 21, Epsilon: 0.483
2025-11-20 20:08:02,159 — DQN_CartPole — [INFO] — trainer.py:63 — Episode: 147/1000, Score: 74.00, Steps: 86, Epsilon: 0.481
2025-11-20 20:08:02,178 — DQN_CartPole — [INFO] — trainer.py:63 — Episode: 148/1000, Score: 38.00, Steps: 50, Epsilon: 0.479
2025-11-20 20:08:02,204 — DQN_CartPole — [INFO] — trainer.py:63 — Episode: 149/1000, Score: 72.00, Steps: 84, Epsilon: 0.476
2025-11-20 20:08:02,225 — DQN_CartPole — [INFO] — recorder.py:33 — Saved model to checkpoints\dqn\20251120-2008\ckpt_ep150.pth
2025-11-20 20:08:02,225 — DQN_CartPole — [INFO] — trainer.py:63 — Episode: 150/1000, Score: 38.00, Steps: 50, Epsilon: 0.474
2025-11-20 20:08:02,242 — DQN_CartPole — [INFO] — trainer.py:63 — Episode: 151/1000, Score: 32.00, Steps: 44, Epsilon: 0.471
2025-11-20 20:08:02,252 — DQN_CartPole — [INFO] — trainer.py:63 — Episode: 152/1000, Score: 40.00, Steps: 52, Epsilon: 0.469
2025-11-20 20:08:02,278 — DQN_CartPole — [INFO] — trainer.py:63 — Episode: 153/1000, Score: 85.00, Steps: 97, Epsilon: 0.467
2025-11-20 20:08:02,296 — DQN_CartPole — [INFO] — trainer.py:63 — Episode: 154/1000, Score: 34.00, Steps: 46, Epsilon: 0.464
2025-11-20 20:08:02,316 — DQN_CartPole — [INFO] — trainer.py:63 — Episode: 155/1000, Score: 59.00, Steps: 71, Epsilon: 0.462
2025-11-20 20:08:02,321 — DQN_CartPole — [INFO] — trainer.py:63 — Episode: 156/1000, Score: 17.00, Steps: 29, Epsilon: 0.460
2025-11-20 20:08:02,354 — DQN_CartPole — [INFO] — trainer.py:63 — Episode: 157/1000, Score: 96.00, Steps: 108, Epsilon: 0.458
2025-11-20 20:08:02,369 — DQN_CartPole — [INFO] — trainer.py:63 — Episode: 158/1000, Score: 26.00, Steps: 38, Epsilon: 0.455
2025-11-20 20:08:02,399 — DQN_CartPole — [INFO] — trainer.py:63 — Episode: 159/1000, Score: 116.00, Steps: 128, Epsilon: 0.453
2025-11-20 20:08:02,421 — DQN_CartPole — [INFO] — trainer.py:63 — Episode: 160/1000, Score: 57.00, Steps: 69, Epsilon: 0.451
2025-11-20 20:08:02,431 — DQN_CartPole — [INFO] — trainer.py:63 — Episode: 161/1000, Score: 22.00, Steps: 34, Epsilon: 0.448
2025-11-20 20:08:02,444 — DQN_CartPole — [INFO] — trainer.py:63 — Episode: 162/1000, Score: 32.00, Steps: 44, Epsilon: 0.446
2025-11-20 20:08:02,455 — DQN_CartPole — [INFO] — trainer.py:63 — Episode: 163/1000, Score: 32.00, Steps: 44, Epsilon: 0.444
2025-11-20 20:08:02,468 — DQN_CartPole — [INFO] — trainer.py:63 — Episode: 164/1000, Score: 29.00, Steps: 41, Epsilon: 0.442
2025-11-20 20:08:02,489 — DQN_CartPole — [INFO] — trainer.py:63 — Episode: 165/1000, Score: 67.00, Steps: 79, Epsilon: 0.440
2025-11-20 20:08:02,497 — DQN_CartPole — [INFO] — trainer.py:63 — Episode: 166/1000, Score: 15.00, Steps: 27, Epsilon: 0.437
2025-11-20 20:08:02,522 — DQN_CartPole — [INFO] — trainer.py:63 — Episode: 167/1000, Score: 63.00, Steps: 75, Epsilon: 0.435
2025-11-20 20:08:02,538 — DQN_CartPole — [INFO] — trainer.py:63 — Episode: 168/1000, Score: 22.00, Steps: 34, Epsilon: 0.433
2025-11-20 20:08:02,559 — DQN_CartPole — [INFO] — trainer.py:63 — Episode: 169/1000, Score: 54.00, Steps: 66, Epsilon: 0.431
2025-11-20 20:08:02,568 — DQN_CartPole — [INFO] — trainer.py:63 — Episode: 170/1000, Score: 28.00, Steps: 40, Epsilon: 0.429
2025-11-20 20:08:02,585 — DQN_CartPole — [INFO] — trainer.py:63 — Episode: 171/1000, Score: 32.00, Steps: 44, Epsilon: 0.427
2025-11-20 20:08:02,597 — DQN_CartPole — [INFO] — trainer.py:63 — Episode: 172/1000, Score: 21.00, Steps: 33, Epsilon: 0.424
2025-11-20 20:08:02,612 — DQN_CartPole — [INFO] — trainer.py:63 — Episode: 173/1000, Score: 10.00, Steps: 22, Epsilon: 0.422
2025-11-20 20:08:02,628 — DQN_CartPole — [INFO] — trainer.py:63 — Episode: 174/1000, Score: 25.00, Steps: 37, Epsilon: 0.420
2025-11-20 20:08:02,655 — DQN_CartPole — [INFO] — trainer.py:63 — Episode: 175/1000, Score: 67.00, Steps: 79, Epsilon: 0.418
2025-11-20 20:08:02,667 — DQN_CartPole — [INFO] — trainer.py:63 — Episode: 176/1000, Score: 29.00, Steps: 41, Epsilon: 0.416
2025-11-20 20:08:02,687 — DQN_CartPole — [INFO] — trainer.py:63 — Episode: 177/1000, Score: 37.00, Steps: 49, Epsilon: 0.414
2025-11-20 20:08:02,707 — DQN_CartPole — [INFO] — trainer.py:63 — Episode: 178/1000, Score: 50.00, Steps: 62, Epsilon: 0.412
2025-11-20 20:08:02,723 — DQN_CartPole — [INFO] — trainer.py:63 — Episode: 179/1000, Score: 21.00, Steps: 33, Epsilon: 0.410
2025-11-20 20:08:02,744 — DQN_CartPole — [INFO] — trainer.py:63 — Episode: 180/1000, Score: 47.00, Steps: 59, Epsilon: 0.408
2025-11-20 20:08:02,758 — DQN_CartPole — [INFO] — trainer.py:63 — Episode: 181/1000, Score: 25.00, Steps: 37, Epsilon: 0.406
2025-11-20 20:08:02,772 — DQN_CartPole — [INFO] — trainer.py:63 — Episode: 182/1000, Score: 14.00, Steps: 26, Epsilon: 0.404
2025-11-20 20:08:02,784 — DQN_CartPole — [INFO] — trainer.py:63 — Episode: 183/1000, Score: 52.00, Steps: 64, Epsilon: 0.402
2025-11-20 20:08:02,799 — DQN_CartPole — [INFO] — trainer.py:63 — Episode: 184/1000, Score: 20.00, Steps: 32, Epsilon: 0.400
2025-11-20 20:08:02,809 — DQN_CartPole — [INFO] — trainer.py:63 — Episode: 185/1000, Score: 27.00, Steps: 39, Epsilon: 0.398
2025-11-20 20:08:02,824 — DQN_CartPole — [INFO] — trainer.py:63 — Episode: 186/1000, Score: 19.00, Steps: 31, Epsilon: 0.396
2025-11-20 20:08:02,837 — DQN_CartPole — [INFO] — trainer.py:63 — Episode: 187/1000, Score: 30.00, Steps: 42, Epsilon: 0.394
2025-11-20 20:08:02,853 — DQN_CartPole — [INFO] — trainer.py:63 — Episode: 188/1000, Score: 26.00, Steps: 38, Epsilon: 0.392
2025-11-20 20:08:02,874 — DQN_CartPole — [INFO] — trainer.py:63 — Episode: 189/1000, Score: 39.00, Steps: 51, Epsilon: 0.390
2025-11-20 20:08:02,889 — DQN_CartPole — [INFO] — trainer.py:63 — Episode: 190/1000, Score: 17.00, Steps: 29, Epsilon: 0.388
2025-11-20 20:08:02,904 — DQN_CartPole — [INFO] — trainer.py:63 — Episode: 191/1000, Score: 19.00, Steps: 31, Epsilon: 0.386
2025-11-20 20:08:02,918 — DQN_CartPole — [INFO] — trainer.py:63 — Episode: 192/1000, Score: 34.00, Steps: 46, Epsilon: 0.384
2025-11-20 20:08:02,934 — DQN_CartPole — [INFO] — trainer.py:63 — Episode: 193/1000, Score: 17.00, Steps: 29, Epsilon: 0.382
2025-11-20 20:08:02,949 — DQN_CartPole — [INFO] — trainer.py:63 — Episode: 194/1000, Score: 64.00, Steps: 76, Epsilon: 0.380
2025-11-20 20:08:02,960 — DQN_CartPole — [INFO] — trainer.py:63 — Episode: 195/1000, Score: 32.00, Steps: 44, Epsilon: 0.378
2025-11-20 20:08:02,985 — DQN_CartPole — [INFO] — trainer.py:63 — Episode: 196/1000, Score: 65.00, Steps: 77, Epsilon: 0.376
2025-11-20 20:08:03,001 — DQN_CartPole — [INFO] — trainer.py:63 — Episode: 197/1000, Score: 30.00, Steps: 42, Epsilon: 0.374
2025-11-20 20:08:03,032 — DQN_CartPole — [INFO] — trainer.py:63 — Episode: 198/1000, Score: 77.00, Steps: 89, Epsilon: 0.373
2025-11-20 20:08:03,039 — DQN_CartPole — [INFO] — trainer.py:63 — Episode: 199/1000, Score: 28.00, Steps: 40, Epsilon: 0.371
2025-11-20 20:08:03,055 — DQN_CartPole — [INFO] — recorder.py:33 — Saved model to checkpoints\dqn\20251120-2008\ckpt_ep200.pth
2025-11-20 20:08:03,055 — DQN_CartPole — [INFO] — trainer.py:63 — Episode: 200/1000, Score: 33.00, Steps: 45, Epsilon: 0.369
2025-11-20 20:08:03,082 — DQN_CartPole — [INFO] — trainer.py:63 — Episode: 201/1000, Score: 66.00, Steps: 78, Epsilon: 0.367
2025-11-20 20:08:03,106 — DQN_CartPole — [INFO] — trainer.py:63 — Episode: 202/1000, Score: 57.00, Steps: 69, Epsilon: 0.365
2025-11-20 20:08:03,119 — DQN_CartPole — [INFO] — trainer.py:63 — Episode: 203/1000, Score: 51.00, Steps: 63, Epsilon: 0.363
2025-11-20 20:08:03,126 — DQN_CartPole — [INFO] — trainer.py:63 — Episode: 204/1000, Score: 23.00, Steps: 35, Epsilon: 0.361
2025-11-20 20:08:03,141 — DQN_CartPole — [INFO] — trainer.py:63 — Episode: 205/1000, Score: 19.00, Steps: 31, Epsilon: 0.360
2025-11-20 20:08:03,164 — DQN_CartPole — [INFO] — trainer.py:63 — Episode: 206/1000, Score: 33.00, Steps: 45, Epsilon: 0.358
2025-11-20 20:08:03,176 — DQN_CartPole — [INFO] — trainer.py:63 — Episode: 207/1000, Score: 46.00, Steps: 58, Epsilon: 0.356
2025-11-20 20:08:03,204 — DQN_CartPole — [INFO] — trainer.py:63 — Episode: 208/1000, Score: 73.00, Steps: 85, Epsilon: 0.354
2025-11-20 20:08:03,217 — DQN_CartPole — [INFO] — trainer.py:63 — Episode: 209/1000, Score: 22.00, Steps: 34, Epsilon: 0.353
2025-11-20 20:08:03,254 — DQN_CartPole — [INFO] — trainer.py:63 — Episode: 210/1000, Score: 111.00, Steps: 123, Epsilon: 0.351
2025-11-20 20:08:03,277 — DQN_CartPole — [INFO] — trainer.py:63 — Episode: 211/1000, Score: 55.00, Steps: 67, Epsilon: 0.349
2025-11-20 20:08:03,286 — DQN_CartPole — [INFO] — trainer.py:63 — Episode: 212/1000, Score: 12.00, Steps: 24, Epsilon: 0.347
2025-11-20 20:08:03,301 — DQN_CartPole — [INFO] — trainer.py:63 — Episode: 213/1000, Score: 8.00, Steps: 20, Epsilon: 0.346
2025-11-20 20:08:03,321 — DQN_CartPole — [INFO] — trainer.py:63 — Episode: 214/1000, Score: 67.00, Steps: 79, Epsilon: 0.344
2025-11-20 20:08:03,343 — DQN_CartPole — [INFO] — trainer.py:63 — Episode: 215/1000, Score: 95.00, Steps: 107, Epsilon: 0.342
2025-11-20 20:08:03,362 — DQN_CartPole — [INFO] — trainer.py:63 — Episode: 216/1000, Score: 32.00, Steps: 44, Epsilon: 0.340
2025-11-20 20:08:03,384 — DQN_CartPole — [INFO] — trainer.py:63 — Episode: 217/1000, Score: 59.00, Steps: 71, Epsilon: 0.339
2025-11-20 20:08:03,398 — DQN_CartPole — [INFO] — trainer.py:63 — Episode: 218/1000, Score: 51.00, Steps: 63, Epsilon: 0.337
2025-11-20 20:08:03,434 — DQN_CartPole — [INFO] — trainer.py:63 — Episode: 219/1000, Score: 104.00, Steps: 116, Epsilon: 0.335
2025-11-20 20:08:03,470 — DQN_CartPole — [INFO] — trainer.py:63 — Episode: 220/1000, Score: 101.00, Steps: 113, Epsilon: 0.334
2025-11-20 20:08:03,489 — DQN_CartPole — [INFO] — trainer.py:63 — Episode: 221/1000, Score: 89.00, Steps: 101, Epsilon: 0.332
2025-11-20 20:08:03,510 — DQN_CartPole — [INFO] — trainer.py:63 — Episode: 222/1000, Score: 55.00, Steps: 67, Epsilon: 0.330
2025-11-20 20:08:03,533 — DQN_CartPole — [INFO] — trainer.py:63 — Episode: 223/1000, Score: 36.00, Steps: 48, Epsilon: 0.329
2025-11-20 20:08:03,557 — DQN_CartPole — [INFO] — trainer.py:63 — Episode: 224/1000, Score: 52.00, Steps: 64, Epsilon: 0.327
2025-11-20 20:08:03,570 — DQN_CartPole — [INFO] — trainer.py:63 — Episode: 225/1000, Score: 43.00, Steps: 55, Epsilon: 0.325
2025-11-20 20:08:03,606 — DQN_CartPole — [INFO] — trainer.py:63 — Episode: 226/1000, Score: 120.00, Steps: 132, Epsilon: 0.324
2025-11-20 20:08:03,627 — DQN_CartPole — [INFO] — trainer.py:63 — Episode: 227/1000, Score: 32.00, Steps: 44, Epsilon: 0.322
2025-11-20 20:08:03,644 — DQN_CartPole — [INFO] — trainer.py:63 — Episode: 228/1000, Score: 59.00, Steps: 71, Epsilon: 0.321
2025-11-20 20:08:03,672 — DQN_CartPole — [INFO] — trainer.py:63 — Episode: 229/1000, Score: 76.00, Steps: 88, Epsilon: 0.319
2025-11-20 20:08:03,710 — DQN_CartPole — [INFO] — trainer.py:63 — Episode: 230/1000, Score: 120.00, Steps: 132, Epsilon: 0.317
2025-11-20 20:08:03,744 — DQN_CartPole — [INFO] — trainer.py:63 — Episode: 231/1000, Score: 107.00, Steps: 119, Epsilon: 0.316
2025-11-20 20:08:03,772 — DQN_CartPole — [INFO] — trainer.py:63 — Episode: 232/1000, Score: 82.00, Steps: 94, Epsilon: 0.314
2025-11-20 20:08:03,795 — DQN_CartPole — [INFO] — trainer.py:63 — Episode: 233/1000, Score: 40.00, Steps: 52, Epsilon: 0.313
2025-11-20 20:08:03,819 — DQN_CartPole — [INFO] — trainer.py:63 — Episode: 234/1000, Score: 79.00, Steps: 91, Epsilon: 0.311
2025-11-20 20:08:03,832 — DQN_CartPole — [INFO] — trainer.py:63 — Episode: 235/1000, Score: 89.00, Steps: 101, Epsilon: 0.309
2025-11-20 20:08:03,855 — DQN_CartPole — [INFO] — trainer.py:63 — Episode: 236/1000, Score: 40.00, Steps: 52, Epsilon: 0.308
2025-11-20 20:08:03,861 — DQN_CartPole — [INFO] — trainer.py:63 — Episode: 237/1000, Score: 30.00, Steps: 42, Epsilon: 0.306
2025-11-20 20:08:03,890 — DQN_CartPole — [INFO] — trainer.py:63 — Episode: 238/1000, Score: 61.00, Steps: 73, Epsilon: 0.305
2025-11-20 20:08:03,911 — DQN_CartPole — [INFO] — trainer.py:63 — Episode: 239/1000, Score: 43.00, Steps: 55, Epsilon: 0.303
2025-11-20 20:08:03,942 — DQN_CartPole — [INFO] — trainer.py:63 — Episode: 240/1000, Score: 90.00, Steps: 102, Epsilon: 0.302
2025-11-20 20:08:03,972 — DQN_CartPole — [INFO] — trainer.py:63 — Episode: 241/1000, Score: 85.00, Steps: 97, Epsilon: 0.300
2025-11-20 20:08:03,988 — DQN_CartPole — [INFO] — trainer.py:63 — Episode: 242/1000, Score: 27.00, Steps: 39, Epsilon: 0.299
2025-11-20 20:08:04,038 — DQN_CartPole — [INFO] — trainer.py:63 — Episode: 243/1000, Score: 180.00, Steps: 192, Epsilon: 0.297
2025-11-20 20:08:04,066 — DQN_CartPole — [INFO] — trainer.py:63 — Episode: 244/1000, Score: 75.00, Steps: 87, Epsilon: 0.296
2025-11-20 20:08:04,095 — DQN_CartPole — [INFO] — trainer.py:63 — Episode: 245/1000, Score: 82.00, Steps: 94, Epsilon: 0.294
2025-11-20 20:08:04,133 — DQN_CartPole — [INFO] — trainer.py:63 — Episode: 246/1000, Score: 123.00, Steps: 135, Epsilon: 0.293
2025-11-20 20:08:04,153 — DQN_CartPole — [INFO] — trainer.py:63 — Episode: 247/1000, Score: 44.00, Steps: 56, Epsilon: 0.291
2025-11-20 20:08:04,177 — DQN_CartPole — [INFO] — trainer.py:63 — Episode: 248/1000, Score: 166.00, Steps: 178, Epsilon: 0.290
2025-11-20 20:08:04,212 — DQN_CartPole — [INFO] — trainer.py:63 — Episode: 249/1000, Score: 112.00, Steps: 124, Epsilon: 0.288
2025-11-20 20:08:04,251 — DQN_CartPole — [INFO] — recorder.py:33 — Saved model to checkpoints\dqn\20251120-2008\ckpt_ep250.pth
2025-11-20 20:08:04,252 — DQN_CartPole — [INFO] — trainer.py:63 — Episode: 250/1000, Score: 115.00, Steps: 127, Epsilon: 0.287
2025-11-20 20:08:04,282 — DQN_CartPole — [INFO] — trainer.py:63 — Episode: 251/1000, Score: 126.00, Steps: 138, Epsilon: 0.286
2025-11-20 20:08:04,303 — DQN_CartPole — [INFO] — trainer.py:63 — Episode: 252/1000, Score: 51.00, Steps: 63, Epsilon: 0.284
2025-11-20 20:08:04,334 — DQN_CartPole — [INFO] — trainer.py:63 — Episode: 253/1000, Score: 97.00, Steps: 109, Epsilon: 0.283
2025-11-20 20:08:04,354 — DQN_CartPole — [INFO] — trainer.py:63 — Episode: 254/1000, Score: 123.00, Steps: 135, Epsilon: 0.281
2025-11-20 20:08:04,390 — DQN_CartPole — [INFO] — trainer.py:63 — Episode: 255/1000, Score: 124.00, Steps: 136, Epsilon: 0.280
2025-11-20 20:08:04,424 — DQN_CartPole — [INFO] — trainer.py:63 — Episode: 256/1000, Score: 100.00, Steps: 112, Epsilon: 0.279
2025-11-20 20:08:04,459 — DQN_CartPole — [INFO] — trainer.py:63 — Episode: 257/1000, Score: 113.00, Steps: 125, Epsilon: 0.277
2025-11-20 20:08:04,493 — DQN_CartPole — [INFO] — trainer.py:63 — Episode: 258/1000, Score: 135.00, Steps: 147, Epsilon: 0.276
2025-11-20 20:08:04,532 — DQN_CartPole — [INFO] — trainer.py:63 — Episode: 259/1000, Score: 138.00, Steps: 150, Epsilon: 0.274
2025-11-20 20:08:04,572 — DQN_CartPole — [INFO] — trainer.py:63 — Episode: 260/1000, Score: 129.00, Steps: 141, Epsilon: 0.273
2025-11-20 20:08:04,588 — DQN_CartPole — [INFO] — trainer.py:63 — Episode: 261/1000, Score: 20.00, Steps: 32, Epsilon: 0.272
2025-11-20 20:08:04,610 — DQN_CartPole — [INFO] — trainer.py:63 — Episode: 262/1000, Score: 140.00, Steps: 152, Epsilon: 0.270
2025-11-20 20:08:04,657 — DQN_CartPole — [INFO] — trainer.py:63 — Episode: 263/1000, Score: 199.00, Steps: 211, Epsilon: 0.269
2025-11-20 20:08:04,703 — DQN_CartPole — [INFO] — trainer.py:63 — Episode: 264/1000, Score: 219.00, Steps: 231, Epsilon: 0.268
2025-11-20 20:08:04,725 — DQN_CartPole — [INFO] — trainer.py:63 — Episode: 265/1000, Score: 53.00, Steps: 65, Epsilon: 0.266
2025-11-20 20:08:04,752 — DQN_CartPole — [INFO] — trainer.py:63 — Episode: 266/1000, Score: 63.00, Steps: 75, Epsilon: 0.265
2025-11-20 20:08:04,772 — DQN_CartPole — [INFO] — trainer.py:63 — Episode: 267/1000, Score: 39.00, Steps: 51, Epsilon: 0.264
2025-11-20 20:08:04,785 — DQN_CartPole — [INFO] — trainer.py:63 — Episode: 268/1000, Score: 26.00, Steps: 38, Epsilon: 0.262
2025-11-20 20:08:04,800 — DQN_CartPole — [INFO] — trainer.py:63 — Episode: 269/1000, Score: 26.00, Steps: 38, Epsilon: 0.261
2025-11-20 20:08:04,819 — DQN_CartPole — [INFO] — trainer.py:63 — Episode: 270/1000, Score: 32.00, Steps: 44, Epsilon: 0.260
2025-11-20 20:08:04,835 — DQN_CartPole — [INFO] — trainer.py:63 — Episode: 271/1000, Score: 12.00, Steps: 24, Epsilon: 0.258
2025-11-20 20:08:04,851 — DQN_CartPole — [INFO] — trainer.py:63 — Episode: 272/1000, Score: 19.00, Steps: 31, Epsilon: 0.257
2025-11-20 20:08:04,868 — DQN_CartPole — [INFO] — trainer.py:63 — Episode: 273/1000, Score: 23.00, Steps: 35, Epsilon: 0.256
2025-11-20 20:08:04,883 — DQN_CartPole — [INFO] — trainer.py:63 — Episode: 274/1000, Score: 25.00, Steps: 37, Epsilon: 0.255
2025-11-20 20:08:04,891 — DQN_CartPole — [INFO] — trainer.py:63 — Episode: 275/1000, Score: 12.00, Steps: 24, Epsilon: 0.253
2025-11-20 20:08:04,899 — DQN_CartPole — [INFO] — trainer.py:63 — Episode: 276/1000, Score: 8.00, Steps: 20, Epsilon: 0.252
2025-11-20 20:08:04,910 — DQN_CartPole — [INFO] — trainer.py:63 — Episode: 277/1000, Score: 24.00, Steps: 36, Epsilon: 0.251
2025-11-20 20:08:04,926 — DQN_CartPole — [INFO] — trainer.py:63 — Episode: 278/1000, Score: 13.00, Steps: 25, Epsilon: 0.249
2025-11-20 20:08:04,941 — DQN_CartPole — [INFO] — trainer.py:63 — Episode: 279/1000, Score: 9.00, Steps: 21, Epsilon: 0.248
2025-11-20 20:08:04,956 — DQN_CartPole — [INFO] — trainer.py:63 — Episode: 280/1000, Score: 13.00, Steps: 25, Epsilon: 0.247
2025-11-20 20:08:04,976 — DQN_CartPole — [INFO] — trainer.py:63 — Episode: 281/1000, Score: 29.00, Steps: 41, Epsilon: 0.246
2025-11-20 20:08:04,997 — DQN_CartPole — [INFO] — trainer.py:63 — Episode: 282/1000, Score: 44.00, Steps: 56, Epsilon: 0.245
2025-11-20 20:08:05,015 — DQN_CartPole — [INFO] — trainer.py:63 — Episode: 283/1000, Score: 34.00, Steps: 46, Epsilon: 0.243
2025-11-20 20:08:05,027 — DQN_CartPole — [INFO] — trainer.py:63 — Episode: 284/1000, Score: 38.00, Steps: 50, Epsilon: 0.242
2025-11-20 20:08:05,051 — DQN_CartPole — [INFO] — trainer.py:63 — Episode: 285/1000, Score: 76.00, Steps: 88, Epsilon: 0.241
2025-11-20 20:08:05,069 — DQN_CartPole — [INFO] — trainer.py:63 — Episode: 286/1000, Score: 24.00, Steps: 36, Epsilon: 0.240
2025-11-20 20:08:05,084 — DQN_CartPole — [INFO] — trainer.py:63 — Episode: 287/1000, Score: 40.00, Steps: 52, Epsilon: 0.238
2025-11-20 20:08:05,112 — DQN_CartPole — [INFO] — trainer.py:63 — Episode: 288/1000, Score: 87.00, Steps: 99, Epsilon: 0.237
2025-11-20 20:08:05,137 — DQN_CartPole — [INFO] — trainer.py:63 — Episode: 289/1000, Score: 50.00, Steps: 62, Epsilon: 0.236
2025-11-20 20:08:05,167 — DQN_CartPole — [INFO] — trainer.py:63 — Episode: 290/1000, Score: 86.00, Steps: 98, Epsilon: 0.235
2025-11-20 20:08:05,197 — DQN_CartPole — [INFO] — trainer.py:63 — Episode: 291/1000, Score: 199.00, Steps: 211, Epsilon: 0.234
2025-11-20 20:08:05,249 — DQN_CartPole — [INFO] — trainer.py:63 — Episode: 292/1000, Score: 176.00, Steps: 188, Epsilon: 0.233
2025-11-20 20:08:05,273 — DQN_CartPole — [INFO] — trainer.py:63 — Episode: 293/1000, Score: 112.00, Steps: 124, Epsilon: 0.231
2025-11-20 20:08:05,330 — DQN_CartPole — [INFO] — trainer.py:63 — Episode: 294/1000, Score: 262.00, Steps: 274, Epsilon: 0.230
2025-11-20 20:08:05,377 — DQN_CartPole — [INFO] — trainer.py:63 — Episode: 295/1000, Score: 152.00, Steps: 164, Epsilon: 0.229
2025-11-20 20:08:05,403 — DQN_CartPole — [INFO] — trainer.py:63 — Episode: 296/1000, Score: 213.00, Steps: 225, Epsilon: 0.228
2025-11-20 20:08:05,444 — DQN_CartPole — [INFO] — trainer.py:63 — Episode: 297/1000, Score: 131.00, Steps: 143, Epsilon: 0.227
2025-11-20 20:08:05,471 — DQN_CartPole — [INFO] — trainer.py:63 — Episode: 298/1000, Score: 176.00, Steps: 188, Epsilon: 0.226
2025-11-20 20:08:05,479 — DQN_CartPole — [INFO] — trainer.py:63 — Episode: 299/1000, Score: 14.00, Steps: 26, Epsilon: 0.225
2025-11-20 20:08:05,534 — DQN_CartPole — [INFO] — recorder.py:33 — Saved model to checkpoints\dqn\20251120-2008\ckpt_ep300.pth
2025-11-20 20:08:05,536 — DQN_CartPole — [INFO] — trainer.py:63 — Episode: 300/1000, Score: 175.00, Steps: 187, Epsilon: 0.223
2025-11-20 20:08:05,580 — DQN_CartPole — [INFO] — trainer.py:63 — Episode: 301/1000, Score: 194.00, Steps: 206, Epsilon: 0.222
2025-11-20 20:08:05,615 — DQN_CartPole — [INFO] — trainer.py:63 — Episode: 302/1000, Score: 183.00, Steps: 195, Epsilon: 0.221
2025-11-20 20:08:05,625 — DQN_CartPole — [INFO] — trainer.py:63 — Episode: 303/1000, Score: 30.00, Steps: 42, Epsilon: 0.220
2025-11-20 20:08:05,684 — DQN_CartPole — [INFO] — trainer.py:63 — Episode: 304/1000, Score: 204.00, Steps: 216, Epsilon: 0.219
2025-11-20 20:08:05,703 — DQN_CartPole — [INFO] — trainer.py:63 — Episode: 305/1000, Score: 149.00, Steps: 161, Epsilon: 0.218
2025-11-20 20:08:05,720 — DQN_CartPole — [INFO] — trainer.py:63 — Episode: 306/1000, Score: 14.00, Steps: 26, Epsilon: 0.217
2025-11-20 20:08:05,737 — DQN_CartPole — [INFO] — trainer.py:63 — Episode: 307/1000, Score: 21.00, Steps: 33, Epsilon: 0.216
2025-11-20 20:08:05,777 — DQN_CartPole — [INFO] — trainer.py:63 — Episode: 308/1000, Score: 119.00, Steps: 131, Epsilon: 0.215
2025-11-20 20:08:05,787 — DQN_CartPole — [INFO] — trainer.py:63 — Episode: 309/1000, Score: 16.00, Steps: 28, Epsilon: 0.214
2025-11-20 20:08:05,805 — DQN_CartPole — [INFO] — trainer.py:63 — Episode: 310/1000, Score: 12.00, Steps: 24, Epsilon: 0.212
2025-11-20 20:08:05,821 — DQN_CartPole — [INFO] — trainer.py:63 — Episode: 311/1000, Score: 13.00, Steps: 25, Epsilon: 0.211
2025-11-20 20:08:05,838 — DQN_CartPole — [INFO] — trainer.py:63 — Episode: 312/1000, Score: 13.00, Steps: 25, Epsilon: 0.210
2025-11-20 20:08:05,853 — DQN_CartPole — [INFO] — trainer.py:63 — Episode: 313/1000, Score: 10.00, Steps: 22, Epsilon: 0.209
2025-11-20 20:08:05,869 — DQN_CartPole — [INFO] — trainer.py:63 — Episode: 314/1000, Score: 13.00, Steps: 25, Epsilon: 0.208
2025-11-20 20:08:05,884 — DQN_CartPole — [INFO] — trainer.py:63 — Episode: 315/1000, Score: 12.00, Steps: 24, Epsilon: 0.207
2025-11-20 20:08:05,894 — DQN_CartPole — [INFO] — trainer.py:63 — Episode: 316/1000, Score: 8.00, Steps: 20, Epsilon: 0.206
2025-11-20 20:08:05,906 — DQN_CartPole — [INFO] — trainer.py:63 — Episode: 317/1000, Score: 4.00, Steps: 16, Epsilon: 0.205
2025-11-20 20:08:05,919 — DQN_CartPole — [INFO] — trainer.py:63 — Episode: 318/1000, Score: 7.00, Steps: 19, Epsilon: 0.204
2025-11-20 20:08:05,933 — DQN_CartPole — [INFO] — trainer.py:63 — Episode: 319/1000, Score: 5.00, Steps: 17, Epsilon: 0.203
2025-11-20 20:08:05,946 — DQN_CartPole — [INFO] — trainer.py:63 — Episode: 320/1000, Score: 3.00, Steps: 15, Epsilon: 0.202
2025-11-20 20:08:05,960 — DQN_CartPole — [INFO] — trainer.py:63 — Episode: 321/1000, Score: 4.00, Steps: 16, Epsilon: 0.201
2025-11-20 20:08:05,970 — DQN_CartPole — [INFO] — trainer.py:63 — Episode: 322/1000, Score: 4.00, Steps: 16, Epsilon: 0.200
2025-11-20 20:08:05,982 — DQN_CartPole — [INFO] — trainer.py:63 — Episode: 323/1000, Score: 3.00, Steps: 15, Epsilon: 0.199
2025-11-20 20:08:05,990 — DQN_CartPole — [INFO] — trainer.py:63 — Episode: 324/1000, Score: 5.00, Steps: 17, Epsilon: 0.198
2025-11-20 20:08:06,006 — DQN_CartPole — [INFO] — trainer.py:63 — Episode: 325/1000, Score: 7.00, Steps: 19, Epsilon: 0.197
2025-11-20 20:08:06,017 — DQN_CartPole — [INFO] — trainer.py:63 — Episode: 326/1000, Score: 6.00, Steps: 18, Epsilon: 0.196
2025-11-20 20:08:06,026 — DQN_CartPole — [INFO] — trainer.py:63 — Episode: 327/1000, Score: 4.00, Steps: 16, Epsilon: 0.195
2025-11-20 20:08:06,040 — DQN_CartPole — [INFO] — trainer.py:63 — Episode: 328/1000, Score: 7.00, Steps: 19, Epsilon: 0.194
2025-11-20 20:08:06,050 — DQN_CartPole — [INFO] — trainer.py:63 — Episode: 329/1000, Score: 3.00, Steps: 15, Epsilon: 0.193
2025-11-20 20:08:06,064 — DQN_CartPole — [INFO] — trainer.py:63 — Episode: 330/1000, Score: 5.00, Steps: 17, Epsilon: 0.192
2025-11-20 20:08:06,079 — DQN_CartPole — [INFO] — trainer.py:63 — Episode: 331/1000, Score: 8.00, Steps: 20, Epsilon: 0.191
2025-11-20 20:08:06,092 — DQN_CartPole — [INFO] — trainer.py:63 — Episode: 332/1000, Score: 2.00, Steps: 14, Epsilon: 0.190
2025-11-20 20:08:06,107 — DQN_CartPole — [INFO] — trainer.py:63 — Episode: 333/1000, Score: 0.00, Steps: 12, Epsilon: 0.189
2025-11-20 20:08:06,115 — DQN_CartPole — [INFO] — trainer.py:63 — Episode: 334/1000, Score: 4.00, Steps: 16, Epsilon: 0.188
2025-11-20 20:08:06,129 — DQN_CartPole — [INFO] — trainer.py:63 — Episode: 335/1000, Score: 3.00, Steps: 15, Epsilon: 0.187
2025-11-20 20:08:06,144 — DQN_CartPole — [INFO] — trainer.py:63 — Episode: 336/1000, Score: 8.00, Steps: 20, Epsilon: 0.187
2025-11-20 20:08:06,155 — DQN_CartPole — [INFO] — trainer.py:63 — Episode: 337/1000, Score: 5.00, Steps: 17, Epsilon: 0.186
2025-11-20 20:08:06,172 — DQN_CartPole — [INFO] — trainer.py:63 — Episode: 338/1000, Score: 7.00, Steps: 19, Epsilon: 0.185
2025-11-20 20:08:06,182 — DQN_CartPole — [INFO] — trainer.py:63 — Episode: 339/1000, Score: 10.00, Steps: 22, Epsilon: 0.184
2025-11-20 20:08:06,197 — DQN_CartPole — [INFO] — trainer.py:63 — Episode: 340/1000, Score: 7.00, Steps: 19, Epsilon: 0.183
2025-11-20 20:08:06,212 — DQN_CartPole — [INFO] — trainer.py:63 — Episode: 341/1000, Score: 7.00, Steps: 19, Epsilon: 0.182
2025-11-20 20:08:06,225 — DQN_CartPole — [INFO] — trainer.py:63 — Episode: 342/1000, Score: 2.00, Steps: 14, Epsilon: 0.181
2025-11-20 20:08:06,240 — DQN_CartPole — [INFO] — trainer.py:63 — Episode: 343/1000, Score: 11.00, Steps: 23, Epsilon: 0.180
2025-11-20 20:08:06,250 — DQN_CartPole — [INFO] — trainer.py:63 — Episode: 344/1000, Score: 11.00, Steps: 23, Epsilon: 0.179
2025-11-20 20:08:06,262 — DQN_CartPole — [INFO] — trainer.py:63 — Episode: 345/1000, Score: 1.00, Steps: 13, Epsilon: 0.178
2025-11-20 20:08:06,276 — DQN_CartPole — [INFO] — trainer.py:63 — Episode: 346/1000, Score: 0.00, Steps: 12, Epsilon: 0.177
2025-11-20 20:08:06,291 — DQN_CartPole — [INFO] — trainer.py:63 — Episode: 347/1000, Score: 8.00, Steps: 20, Epsilon: 0.177
2025-11-20 20:08:06,305 — DQN_CartPole — [INFO] — trainer.py:63 — Episode: 348/1000, Score: 7.00, Steps: 19, Epsilon: 0.176
2025-11-20 20:08:06,313 — DQN_CartPole — [INFO] — trainer.py:63 — Episode: 349/1000, Score: 8.00, Steps: 20, Epsilon: 0.175
2025-11-20 20:08:06,329 — DQN_CartPole — [INFO] — recorder.py:33 — Saved model to checkpoints\dqn\20251120-2008\ckpt_ep350.pth
2025-11-20 20:08:06,331 — DQN_CartPole — [INFO] — trainer.py:63 — Episode: 350/1000, Score: 11.00, Steps: 23, Epsilon: 0.174
2025-11-20 20:08:06,337 — DQN_CartPole — [INFO] — trainer.py:63 — Episode: 351/1000, Score: 12.00, Steps: 24, Epsilon: 0.173
2025-11-20 20:08:06,352 — DQN_CartPole — [INFO] — trainer.py:63 — Episode: 352/1000, Score: 4.00, Steps: 16, Epsilon: 0.172
2025-11-20 20:08:06,366 — DQN_CartPole — [INFO] — trainer.py:63 — Episode: 353/1000, Score: 9.00, Steps: 21, Epsilon: 0.171
2025-11-20 20:08:06,380 — DQN_CartPole — [INFO] — trainer.py:63 — Episode: 354/1000, Score: 9.00, Steps: 21, Epsilon: 0.170
2025-11-20 20:08:06,389 — DQN_CartPole — [INFO] — trainer.py:63 — Episode: 355/1000, Score: 4.00, Steps: 16, Epsilon: 0.170
2025-11-20 20:08:06,402 — DQN_CartPole — [INFO] — trainer.py:63 — Episode: 356/1000, Score: 35.00, Steps: 47, Epsilon: 0.169
2025-11-20 20:08:06,425 — DQN_CartPole — [INFO] — trainer.py:63 — Episode: 357/1000, Score: 41.00, Steps: 53, Epsilon: 0.168
2025-11-20 20:08:06,446 — DQN_CartPole — [INFO] — trainer.py:63 — Episode: 358/1000, Score: 33.00, Steps: 45, Epsilon: 0.167
2025-11-20 20:08:06,461 — DQN_CartPole — [INFO] — trainer.py:63 — Episode: 359/1000, Score: 36.00, Steps: 48, Epsilon: 0.166
2025-11-20 20:08:06,481 — DQN_CartPole — [INFO] — trainer.py:63 — Episode: 360/1000, Score: 29.00, Steps: 41, Epsilon: 0.165
2025-11-20 20:08:06,504 — DQN_CartPole — [INFO] — trainer.py:63 — Episode: 361/1000, Score: 41.00, Steps: 53, Epsilon: 0.165
2025-11-20 20:08:06,552 — DQN_CartPole — [INFO] — trainer.py:63 — Episode: 362/1000, Score: 145.00, Steps: 157, Epsilon: 0.164
2025-11-20 20:08:06,568 — DQN_CartPole — [INFO] — trainer.py:63 — Episode: 363/1000, Score: 79.00, Steps: 91, Epsilon: 0.163
2025-11-20 20:08:06,592 — DQN_CartPole — [INFO] — trainer.py:63 — Episode: 364/1000, Score: 37.00, Steps: 49, Epsilon: 0.162
2025-11-20 20:08:06,607 — DQN_CartPole — [INFO] — trainer.py:63 — Episode: 365/1000, Score: 14.00, Steps: 26, Epsilon: 0.161
2025-11-20 20:08:06,612 — DQN_CartPole — [INFO] — trainer.py:63 — Episode: 366/1000, Score: 0.00, Steps: 12, Epsilon: 0.160
2025-11-20 20:08:06,622 — DQN_CartPole — [INFO] — trainer.py:63 — Episode: 367/1000, Score: -2.00, Steps: 10, Epsilon: 0.160
2025-11-20 20:08:06,637 — DQN_CartPole — [INFO] — trainer.py:63 — Episode: 368/1000, Score: -1.00, Steps: 11, Epsilon: 0.159
2025-11-20 20:08:06,649 — DQN_CartPole — [INFO] — trainer.py:63 — Episode: 369/1000, Score: 0.00, Steps: 12, Epsilon: 0.158
2025-11-20 20:08:06,665 — DQN_CartPole — [INFO] — trainer.py:63 — Episode: 370/1000, Score: -1.00, Steps: 11, Epsilon: 0.157
2025-11-20 20:08:06,680 — DQN_CartPole — [INFO] — trainer.py:63 — Episode: 371/1000, Score: -1.00, Steps: 11, Epsilon: 0.157
2025-11-20 20:08:06,695 — DQN_CartPole — [INFO] — trainer.py:63 — Episode: 372/1000, Score: -2.00, Steps: 10, Epsilon: 0.156
2025-11-20 20:08:06,710 — DQN_CartPole — [INFO] — trainer.py:63 — Episode: 373/1000, Score: -1.00, Steps: 11, Epsilon: 0.155
2025-11-20 20:08:06,727 — DQN_CartPole — [INFO] — trainer.py:63 — Episode: 374/1000, Score: -1.00, Steps: 11, Epsilon: 0.154
2025-11-20 20:08:06,740 — DQN_CartPole — [INFO] — trainer.py:63 — Episode: 375/1000, Score: -1.00, Steps: 11, Epsilon: 0.153
2025-11-20 20:08:06,753 — DQN_CartPole — [INFO] — trainer.py:63 — Episode: 376/1000, Score: -3.00, Steps: 9, Epsilon: 0.153
2025-11-20 20:08:06,768 — DQN_CartPole — [INFO] — trainer.py:63 — Episode: 377/1000, Score: 1.00, Steps: 13, Epsilon: 0.152
2025-11-20 20:08:06,783 — DQN_CartPole — [INFO] — trainer.py:63 — Episode: 378/1000, Score: 0.00, Steps: 12, Epsilon: 0.151
2025-11-20 20:08:06,796 — DQN_CartPole — [INFO] — trainer.py:63 — Episode: 379/1000, Score: 1.00, Steps: 13, Epsilon: 0.150
2025-11-20 20:08:06,809 — DQN_CartPole — [INFO] — trainer.py:63 — Episode: 380/1000, Score: -1.00, Steps: 11, Epsilon: 0.150
2025-11-20 20:08:06,816 — DQN_CartPole — [INFO] — trainer.py:63 — Episode: 381/1000, Score: -2.00, Steps: 10, Epsilon: 0.149
2025-11-20 20:08:06,823 — DQN_CartPole — [INFO] — trainer.py:63 — Episode: 382/1000, Score: -1.00, Steps: 11, Epsilon: 0.148
2025-11-20 20:08:06,834 — DQN_CartPole — [INFO] — trainer.py:63 — Episode: 383/1000, Score: -1.00, Steps: 11, Epsilon: 0.147
2025-11-20 20:08:06,846 — DQN_CartPole — [INFO] — trainer.py:63 — Episode: 384/1000, Score: -2.00, Steps: 10, Epsilon: 0.147
2025-11-20 20:08:06,859 — DQN_CartPole — [INFO] — trainer.py:63 — Episode: 385/1000, Score: -1.00, Steps: 11, Epsilon: 0.146
2025-11-20 20:08:06,871 — DQN_CartPole — [INFO] — trainer.py:63 — Episode: 386/1000, Score: -2.00, Steps: 10, Epsilon: 0.145
2025-11-20 20:08:06,883 — DQN_CartPole — [INFO] — trainer.py:63 — Episode: 387/1000, Score: -2.00, Steps: 10, Epsilon: 0.144
2025-11-20 20:08:06,896 — DQN_CartPole — [INFO] — trainer.py:63 — Episode: 388/1000, Score: 1.00, Steps: 13, Epsilon: 0.144
2025-11-20 20:08:06,911 — DQN_CartPole — [INFO] — trainer.py:63 — Episode: 389/1000, Score: 19.00, Steps: 31, Epsilon: 0.143
2025-11-20 20:08:06,929 — DQN_CartPole — [INFO] — trainer.py:63 — Episode: 390/1000, Score: 24.00, Steps: 36, Epsilon: 0.142
2025-11-20 20:08:06,946 — DQN_CartPole — [INFO] — trainer.py:63 — Episode: 391/1000, Score: 19.00, Steps: 31, Epsilon: 0.142
2025-11-20 20:08:06,961 — DQN_CartPole — [INFO] — trainer.py:63 — Episode: 392/1000, Score: 27.00, Steps: 39, Epsilon: 0.141
2025-11-20 20:08:06,979 — DQN_CartPole — [INFO] — trainer.py:63 — Episode: 393/1000, Score: 22.00, Steps: 34, Epsilon: 0.140
2025-11-20 20:08:07,001 — DQN_CartPole — [INFO] — trainer.py:63 — Episode: 394/1000, Score: 37.00, Steps: 49, Epsilon: 0.139
2025-11-20 20:08:07,020 — DQN_CartPole — [INFO] — trainer.py:63 — Episode: 395/1000, Score: 34.00, Steps: 46, Epsilon: 0.139
2025-11-20 20:08:07,145 — DQN_CartPole — [INFO] — trainer.py:63 — Episode: 396/1000, Score: 489.00, Steps: 501, Epsilon: 0.138
2025-11-20 20:08:07,230 — DQN_CartPole — [INFO] — trainer.py:63 — Episode: 397/1000, Score: 489.00, Steps: 501, Epsilon: 0.137
2025-11-20 20:08:07,247 — DQN_CartPole — [INFO] — trainer.py:63 — Episode: 398/1000, Score: 55.00, Steps: 67, Epsilon: 0.137
2025-11-20 20:08:07,270 — DQN_CartPole — [INFO] — trainer.py:63 — Episode: 399/1000, Score: 38.00, Steps: 50, Epsilon: 0.136
2025-11-20 20:08:07,373 — DQN_CartPole — [INFO] — recorder.py:33 — Saved model to checkpoints\dqn\20251120-2008\ckpt_ep400.pth
2025-11-20 20:08:07,375 — DQN_CartPole — [INFO] — trainer.py:63 — Episode: 400/1000, Score: 489.00, Steps: 501, Epsilon: 0.135
2025-11-20 20:08:07,450 — DQN_CartPole — [INFO] — trainer.py:63 — Episode: 401/1000, Score: 252.00, Steps: 264, Epsilon: 0.135
2025-11-20 20:08:07,510 — DQN_CartPole — [INFO] — trainer.py:63 — Episode: 402/1000, Score: 226.00, Steps: 238, Epsilon: 0.134
2025-11-20 20:08:07,545 — DQN_CartPole — [INFO] — trainer.py:63 — Episode: 403/1000, Score: 184.00, Steps: 196, Epsilon: 0.133
2025-11-20 20:08:07,599 — DQN_CartPole — [INFO] — trainer.py:63 — Episode: 404/1000, Score: 186.00, Steps: 198, Epsilon: 0.133
2025-11-20 20:08:07,645 — DQN_CartPole — [INFO] — trainer.py:63 — Episode: 405/1000, Score: 152.00, Steps: 164, Epsilon: 0.132
2025-11-20 20:08:07,691 — DQN_CartPole — [INFO] — trainer.py:63 — Episode: 406/1000, Score: 140.00, Steps: 152, Epsilon: 0.131
2025-11-20 20:08:07,726 — DQN_CartPole — [INFO] — trainer.py:63 — Episode: 407/1000, Score: 150.00, Steps: 162, Epsilon: 0.131
2025-11-20 20:08:07,756 — DQN_CartPole — [INFO] — trainer.py:63 — Episode: 408/1000, Score: 138.00, Steps: 150, Epsilon: 0.130
2025-11-20 20:08:07,790 — DQN_CartPole — [INFO] — trainer.py:63 — Episode: 409/1000, Score: 118.00, Steps: 130, Epsilon: 0.129
2025-11-20 20:08:07,816 — DQN_CartPole — [INFO] — trainer.py:63 — Episode: 410/1000, Score: 129.00, Steps: 141, Epsilon: 0.129
2025-11-20 20:08:07,860 — DQN_CartPole — [INFO] — trainer.py:63 — Episode: 411/1000, Score: 125.00, Steps: 137, Epsilon: 0.128
2025-11-20 20:08:07,902 — DQN_CartPole — [INFO] — trainer.py:63 — Episode: 412/1000, Score: 122.00, Steps: 134, Epsilon: 0.127
2025-11-20 20:08:07,932 — DQN_CartPole — [INFO] — trainer.py:63 — Episode: 413/1000, Score: 118.00, Steps: 130, Epsilon: 0.127
2025-11-20 20:08:07,976 — DQN_CartPole — [INFO] — trainer.py:63 — Episode: 414/1000, Score: 138.00, Steps: 150, Epsilon: 0.126
2025-11-20 20:08:07,999 — DQN_CartPole — [INFO] — trainer.py:63 — Episode: 415/1000, Score: 145.00, Steps: 157, Epsilon: 0.126
2025-11-20 20:08:08,050 — DQN_CartPole — [INFO] — trainer.py:63 — Episode: 416/1000, Score: 165.00, Steps: 177, Epsilon: 0.125
2025-11-20 20:08:08,094 — DQN_CartPole — [INFO] — trainer.py:63 — Episode: 417/1000, Score: 150.00, Steps: 162, Epsilon: 0.124
2025-11-20 20:08:08,143 — DQN_CartPole — [INFO] — trainer.py:63 — Episode: 418/1000, Score: 154.00, Steps: 166, Epsilon: 0.124
2025-11-20 20:08:08,184 — DQN_CartPole — [INFO] — trainer.py:63 — Episode: 419/1000, Score: 167.00, Steps: 179, Epsilon: 0.123
2025-11-20 20:08:08,207 — DQN_CartPole — [INFO] — trainer.py:63 — Episode: 420/1000, Score: 131.00, Steps: 143, Epsilon: 0.122
2025-11-20 20:08:08,239 — DQN_CartPole — [INFO] — trainer.py:63 — Episode: 421/1000, Score: 80.00, Steps: 92, Epsilon: 0.122
2025-11-20 20:08:08,288 — DQN_CartPole — [INFO] — trainer.py:63 — Episode: 422/1000, Score: 308.00, Steps: 320, Epsilon: 0.121
2025-11-20 20:08:08,337 — DQN_CartPole — [INFO] — trainer.py:63 — Episode: 423/1000, Score: 300.00, Steps: 312, Epsilon: 0.121
2025-11-20 20:08:08,410 — DQN_CartPole — [INFO] — trainer.py:63 — Episode: 424/1000, Score: 235.00, Steps: 247, Epsilon: 0.120
2025-11-20 20:08:08,420 — DQN_CartPole — [INFO] — trainer.py:63 — Episode: 425/1000, Score: 54.00, Steps: 66, Epsilon: 0.119
2025-11-20 20:08:08,442 — DQN_CartPole — [INFO] — trainer.py:63 — Episode: 426/1000, Score: 63.00, Steps: 75, Epsilon: 0.119
2025-11-20 20:08:08,462 — DQN_CartPole — [INFO] — trainer.py:63 — Episode: 427/1000, Score: 68.00, Steps: 80, Epsilon: 0.118
2025-11-20 20:08:08,494 — DQN_CartPole — [INFO] — trainer.py:63 — Episode: 428/1000, Score: 90.00, Steps: 102, Epsilon: 0.118
2025-11-20 20:08:08,515 — DQN_CartPole — [INFO] — trainer.py:63 — Episode: 429/1000, Score: 27.00, Steps: 39, Epsilon: 0.117
2025-11-20 20:08:08,523 — DQN_CartPole — [INFO] — trainer.py:63 — Episode: 430/1000, Score: 20.00, Steps: 32, Epsilon: 0.116
2025-11-20 20:08:08,547 — DQN_CartPole — [INFO] — trainer.py:63 — Episode: 431/1000, Score: 44.00, Steps: 56, Epsilon: 0.116
2025-11-20 20:08:08,565 — DQN_CartPole — [INFO] — trainer.py:63 — Episode: 432/1000, Score: 32.00, Steps: 44, Epsilon: 0.115
2025-11-20 20:08:08,582 — DQN_CartPole — [INFO] — trainer.py:63 — Episode: 433/1000, Score: 22.00, Steps: 34, Epsilon: 0.115
2025-11-20 20:08:08,596 — DQN_CartPole — [INFO] — trainer.py:63 — Episode: 434/1000, Score: 47.00, Steps: 59, Epsilon: 0.114
2025-11-20 20:08:08,626 — DQN_CartPole — [INFO] — trainer.py:63 — Episode: 435/1000, Score: 67.00, Steps: 79, Epsilon: 0.114
2025-11-20 20:08:08,644 — DQN_CartPole — [INFO] — trainer.py:63 — Episode: 436/1000, Score: 26.00, Steps: 38, Epsilon: 0.113
2025-11-20 20:08:08,670 — DQN_CartPole — [INFO] — trainer.py:63 — Episode: 437/1000, Score: 56.00, Steps: 68, Epsilon: 0.112
2025-11-20 20:08:08,697 — DQN_CartPole — [INFO] — trainer.py:63 — Episode: 438/1000, Score: 59.00, Steps: 71, Epsilon: 0.112
2025-11-20 20:08:08,752 — DQN_CartPole — [INFO] — trainer.py:63 — Episode: 439/1000, Score: 246.00, Steps: 258, Epsilon: 0.111
2025-11-20 20:08:08,817 — DQN_CartPole — [INFO] — trainer.py:63 — Episode: 440/1000, Score: 489.00, Steps: 501, Epsilon: 0.111
2025-11-20 20:08:08,883 — DQN_CartPole — [INFO] — trainer.py:63 — Episode: 441/1000, Score: 232.00, Steps: 244, Epsilon: 0.110
2025-11-20 20:08:08,918 — DQN_CartPole — [INFO] — trainer.py:63 — Episode: 442/1000, Score: 226.00, Steps: 238, Epsilon: 0.110
2025-11-20 20:08:08,967 — DQN_CartPole — [INFO] — trainer.py:63 — Episode: 443/1000, Score: 181.00, Steps: 193, Epsilon: 0.109
2025-11-20 20:08:09,007 — DQN_CartPole — [INFO] — trainer.py:63 — Episode: 444/1000, Score: 187.00, Steps: 199, Epsilon: 0.109
2025-11-20 20:08:09,037 — DQN_CartPole — [INFO] — trainer.py:63 — Episode: 445/1000, Score: 158.00, Steps: 170, Epsilon: 0.108
2025-11-20 20:08:09,087 — DQN_CartPole — [INFO] — trainer.py:63 — Episode: 446/1000, Score: 148.00, Steps: 160, Epsilon: 0.107
2025-11-20 20:08:09,138 — DQN_CartPole — [INFO] — trainer.py:63 — Episode: 447/1000, Score: 154.00, Steps: 166, Epsilon: 0.107
2025-11-20 20:08:09,162 — DQN_CartPole — [INFO] — trainer.py:63 — Episode: 448/1000, Score: 150.00, Steps: 162, Epsilon: 0.106
2025-11-20 20:08:09,212 — DQN_CartPole — [INFO] — trainer.py:63 — Episode: 449/1000, Score: 150.00, Steps: 162, Epsilon: 0.106
2025-11-20 20:08:09,263 — DQN_CartPole — [INFO] — recorder.py:33 — Saved model to checkpoints\dqn\20251120-2008\ckpt_ep450.pth
2025-11-20 20:08:09,263 — DQN_CartPole — [INFO] — trainer.py:63 — Episode: 450/1000, Score: 142.00, Steps: 154, Epsilon: 0.105
2025-11-20 20:08:09,290 — DQN_CartPole — [INFO] — trainer.py:63 — Episode: 451/1000, Score: 158.00, Steps: 170, Epsilon: 0.105
2025-11-20 20:08:09,341 — DQN_CartPole — [INFO] — trainer.py:63 — Episode: 452/1000, Score: 153.00, Steps: 165, Epsilon: 0.104
2025-11-20 20:08:09,369 — DQN_CartPole — [INFO] — trainer.py:63 — Episode: 453/1000, Score: 142.00, Steps: 154, Epsilon: 0.104
2025-11-20 20:08:09,420 — DQN_CartPole — [INFO] — trainer.py:63 — Episode: 454/1000, Score: 154.00, Steps: 166, Epsilon: 0.103
2025-11-20 20:08:09,442 — DQN_CartPole — [INFO] — trainer.py:63 — Episode: 455/1000, Score: 150.00, Steps: 162, Epsilon: 0.103
2025-11-20 20:08:09,495 — DQN_CartPole — [INFO] — trainer.py:63 — Episode: 456/1000, Score: 179.00, Steps: 191, Epsilon: 0.102
2025-11-20 20:08:09,553 — DQN_CartPole — [INFO] — trainer.py:63 — Episode: 457/1000, Score: 178.00, Steps: 190, Epsilon: 0.102
2025-11-20 20:08:09,588 — DQN_CartPole — [INFO] — trainer.py:63 — Episode: 458/1000, Score: 159.00, Steps: 171, Epsilon: 0.101
2025-11-20 20:08:09,645 — DQN_CartPole — [INFO] — trainer.py:63 — Episode: 459/1000, Score: 183.00, Steps: 195, Epsilon: 0.101
2025-11-20 20:08:09,703 — DQN_CartPole — [INFO] — trainer.py:63 — Episode: 460/1000, Score: 183.00, Steps: 195, Epsilon: 0.100
2025-11-20 20:08:09,748 — DQN_CartPole — [INFO] — trainer.py:63 — Episode: 461/1000, Score: 188.00, Steps: 200, Epsilon: 0.100
2025-11-20 20:08:09,819 — DQN_CartPole — [INFO] — trainer.py:63 — Episode: 462/1000, Score: 240.00, Steps: 252, Epsilon: 0.099
2025-11-20 20:08:09,862 — DQN_CartPole — [INFO] — trainer.py:63 — Episode: 463/1000, Score: 215.00, Steps: 227, Epsilon: 0.099
2025-11-20 20:08:09,900 — DQN_CartPole — [INFO] — trainer.py:63 — Episode: 464/1000, Score: 219.00, Steps: 231, Epsilon: 0.098
2025-11-20 20:08:09,951 — DQN_CartPole — [INFO] — trainer.py:63 — Episode: 465/1000, Score: 205.00, Steps: 217, Epsilon: 0.098
2025-11-20 20:08:09,984 — DQN_CartPole — [INFO] — trainer.py:63 — Episode: 466/1000, Score: 221.00, Steps: 233, Epsilon: 0.097
2025-11-20 20:08:10,062 — DQN_CartPole — [INFO] — trainer.py:63 — Episode: 467/1000, Score: 271.00, Steps: 283, Epsilon: 0.097
2025-11-20 20:08:10,117 — DQN_CartPole — [INFO] — trainer.py:63 — Episode: 468/1000, Score: 183.00, Steps: 195, Epsilon: 0.096
2025-11-20 20:08:10,174 — DQN_CartPole — [INFO] — trainer.py:63 — Episode: 469/1000, Score: 177.00, Steps: 189, Epsilon: 0.096
2025-11-20 20:08:10,219 — DQN_CartPole — [INFO] — trainer.py:63 — Episode: 470/1000, Score: 162.00, Steps: 174, Epsilon: 0.095
2025-11-20 20:08:10,277 — DQN_CartPole — [INFO] — trainer.py:63 — Episode: 471/1000, Score: 189.00, Steps: 201, Epsilon: 0.095
2025-11-20 20:08:10,308 — DQN_CartPole — [INFO] — trainer.py:63 — Episode: 472/1000, Score: 143.00, Steps: 155, Epsilon: 0.094
2025-11-20 20:08:10,357 — DQN_CartPole — [INFO] — trainer.py:63 — Episode: 473/1000, Score: 159.00, Steps: 171, Epsilon: 0.094
2025-11-20 20:08:10,405 — DQN_CartPole — [INFO] — trainer.py:63 — Episode: 474/1000, Score: 146.00, Steps: 158, Epsilon: 0.093
2025-11-20 20:08:10,451 — DQN_CartPole — [INFO] — trainer.py:63 — Episode: 475/1000, Score: 136.00, Steps: 148, Epsilon: 0.093
2025-11-20 20:08:10,471 — DQN_CartPole — [INFO] — trainer.py:63 — Episode: 476/1000, Score: 143.00, Steps: 155, Epsilon: 0.092
2025-11-20 20:08:10,515 — DQN_CartPole — [INFO] — trainer.py:63 — Episode: 477/1000, Score: 115.00, Steps: 127, Epsilon: 0.092
2025-11-20 20:08:10,535 — DQN_CartPole — [INFO] — trainer.py:63 — Episode: 478/1000, Score: 126.00, Steps: 138, Epsilon: 0.092
2025-11-20 20:08:10,560 — DQN_CartPole — [INFO] — trainer.py:63 — Episode: 479/1000, Score: 105.00, Steps: 117, Epsilon: 0.091
2025-11-20 20:08:10,598 — DQN_CartPole — [INFO] — trainer.py:63 — Episode: 480/1000, Score: 105.00, Steps: 117, Epsilon: 0.091
2025-11-20 20:08:10,619 — DQN_CartPole — [INFO] — trainer.py:63 — Episode: 481/1000, Score: 105.00, Steps: 117, Epsilon: 0.090
2025-11-20 20:08:10,665 — DQN_CartPole — [INFO] — trainer.py:63 — Episode: 482/1000, Score: 128.00, Steps: 140, Epsilon: 0.090
2025-11-20 20:08:10,696 — DQN_CartPole — [INFO] — trainer.py:63 — Episode: 483/1000, Score: 121.00, Steps: 133, Epsilon: 0.089
2025-11-20 20:08:10,727 — DQN_CartPole — [INFO] — trainer.py:63 — Episode: 484/1000, Score: 126.00, Steps: 138, Epsilon: 0.089
2025-11-20 20:08:10,762 — DQN_CartPole — [INFO] — trainer.py:63 — Episode: 485/1000, Score: 119.00, Steps: 131, Epsilon: 0.088
2025-11-20 20:08:10,809 — DQN_CartPole — [INFO] — trainer.py:63 — Episode: 486/1000, Score: 139.00, Steps: 151, Epsilon: 0.088
2025-11-20 20:08:10,839 — DQN_CartPole — [INFO] — trainer.py:63 — Episode: 487/1000, Score: 140.00, Steps: 152, Epsilon: 0.088
2025-11-20 20:08:10,887 — DQN_CartPole — [INFO] — trainer.py:63 — Episode: 488/1000, Score: 140.00, Steps: 152, Epsilon: 0.087
2025-11-20 20:08:10,906 — DQN_CartPole — [INFO] — trainer.py:63 — Episode: 489/1000, Score: 118.00, Steps: 130, Epsilon: 0.087
2025-11-20 20:08:10,948 — DQN_CartPole — [INFO] — trainer.py:63 — Episode: 490/1000, Score: 119.00, Steps: 131, Epsilon: 0.086
2025-11-20 20:08:10,994 — DQN_CartPole — [INFO] — trainer.py:63 — Episode: 491/1000, Score: 136.00, Steps: 148, Epsilon: 0.086
2025-11-20 20:08:11,012 — DQN_CartPole — [INFO] — trainer.py:63 — Episode: 492/1000, Score: 117.00, Steps: 129, Epsilon: 0.085
2025-11-20 20:08:11,055 — DQN_CartPole — [INFO] — trainer.py:63 — Episode: 493/1000, Score: 125.00, Steps: 137, Epsilon: 0.085
2025-11-20 20:08:11,105 — DQN_CartPole — [INFO] — trainer.py:63 — Episode: 494/1000, Score: 151.00, Steps: 163, Epsilon: 0.084
2025-11-20 20:08:11,126 — DQN_CartPole — [INFO] — trainer.py:63 — Episode: 495/1000, Score: 139.00, Steps: 151, Epsilon: 0.084
2025-11-20 20:08:11,168 — DQN_CartPole — [INFO] — trainer.py:63 — Episode: 496/1000, Score: 117.00, Steps: 129, Epsilon: 0.084
2025-11-20 20:08:11,211 — DQN_CartPole — [INFO] — trainer.py:63 — Episode: 497/1000, Score: 123.00, Steps: 135, Epsilon: 0.083
2025-11-20 20:08:11,235 — DQN_CartPole — [INFO] — trainer.py:63 — Episode: 498/1000, Score: 127.00, Steps: 139, Epsilon: 0.083
2025-11-20 20:08:11,272 — DQN_CartPole — [INFO] — trainer.py:63 — Episode: 499/1000, Score: 117.00, Steps: 129, Epsilon: 0.082
2025-11-20 20:08:11,319 — DQN_CartPole — [INFO] — recorder.py:33 — Saved model to checkpoints\dqn\20251120-2008\ckpt_ep500.pth
2025-11-20 20:08:11,320 — DQN_CartPole — [INFO] — trainer.py:63 — Episode: 500/1000, Score: 133.00, Steps: 145, Epsilon: 0.082
2025-11-20 20:08:11,339 — DQN_CartPole — [INFO] — trainer.py:63 — Episode: 501/1000, Score: 120.00, Steps: 132, Epsilon: 0.082
2025-11-20 20:08:11,360 — DQN_CartPole — [INFO] — trainer.py:63 — Episode: 502/1000, Score: 114.00, Steps: 126, Epsilon: 0.081
2025-11-20 20:08:11,401 — DQN_CartPole — [INFO] — trainer.py:63 — Episode: 503/1000, Score: 112.00, Steps: 124, Epsilon: 0.081
2025-11-20 20:08:11,458 — DQN_CartPole — [INFO] — trainer.py:63 — Episode: 504/1000, Score: 179.00, Steps: 191, Epsilon: 0.080
2025-11-20 20:08:11,485 — DQN_CartPole — [INFO] — trainer.py:63 — Episode: 505/1000, Score: 120.00, Steps: 132, Epsilon: 0.080
2025-11-20 20:08:11,516 — DQN_CartPole — [INFO] — trainer.py:63 — Episode: 506/1000, Score: 141.00, Steps: 153, Epsilon: 0.080
2025-11-20 20:08:11,557 — DQN_CartPole — [INFO] — trainer.py:63 — Episode: 507/1000, Score: 112.00, Steps: 124, Epsilon: 0.079
2025-11-20 20:08:11,594 — DQN_CartPole — [INFO] — trainer.py:63 — Episode: 508/1000, Score: 102.00, Steps: 114, Epsilon: 0.079
2025-11-20 20:08:11,634 — DQN_CartPole — [INFO] — trainer.py:63 — Episode: 509/1000, Score: 119.00, Steps: 131, Epsilon: 0.078
2025-11-20 20:08:11,654 — DQN_CartPole — [INFO] — trainer.py:63 — Episode: 510/1000, Score: 102.00, Steps: 114, Epsilon: 0.078
2025-11-20 20:08:11,703 — DQN_CartPole — [INFO] — trainer.py:63 — Episode: 511/1000, Score: 137.00, Steps: 149, Epsilon: 0.078
2025-11-20 20:08:11,740 — DQN_CartPole — [INFO] — trainer.py:63 — Episode: 512/1000, Score: 112.00, Steps: 124, Epsilon: 0.077
2025-11-20 20:08:11,768 — DQN_CartPole — [INFO] — trainer.py:63 — Episode: 513/1000, Score: 113.00, Steps: 125, Epsilon: 0.077
2025-11-20 20:08:11,793 — DQN_CartPole — [INFO] — trainer.py:63 — Episode: 514/1000, Score: 139.00, Steps: 151, Epsilon: 0.076
2025-11-20 20:08:11,847 — DQN_CartPole — [INFO] — trainer.py:63 — Episode: 515/1000, Score: 174.00, Steps: 186, Epsilon: 0.076
2025-11-20 20:08:11,890 — DQN_CartPole — [INFO] — trainer.py:63 — Episode: 516/1000, Score: 137.00, Steps: 149, Epsilon: 0.076
2025-11-20 20:08:11,921 — DQN_CartPole — [INFO] — trainer.py:63 — Episode: 517/1000, Score: 119.00, Steps: 131, Epsilon: 0.075
2025-11-20 20:08:11,960 — DQN_CartPole — [INFO] — trainer.py:63 — Episode: 518/1000, Score: 106.00, Steps: 118, Epsilon: 0.075
2025-11-20 20:08:11,999 — DQN_CartPole — [INFO] — trainer.py:63 — Episode: 519/1000, Score: 114.00, Steps: 126, Epsilon: 0.075
2025-11-20 20:08:12,049 — DQN_CartPole — [INFO] — trainer.py:63 — Episode: 520/1000, Score: 145.00, Steps: 157, Epsilon: 0.074
2025-11-20 20:08:12,074 — DQN_CartPole — [INFO] — trainer.py:63 — Episode: 521/1000, Score: 146.00, Steps: 158, Epsilon: 0.074
2025-11-20 20:08:12,112 — DQN_CartPole — [INFO] — trainer.py:63 — Episode: 522/1000, Score: 154.00, Steps: 166, Epsilon: 0.073
2025-11-20 20:08:12,142 — DQN_CartPole — [INFO] — trainer.py:63 — Episode: 523/1000, Score: 109.00, Steps: 121, Epsilon: 0.073
2025-11-20 20:08:12,194 — DQN_CartPole — [INFO] — trainer.py:63 — Episode: 524/1000, Score: 159.00, Steps: 171, Epsilon: 0.073
2025-11-20 20:08:12,235 — DQN_CartPole — [INFO] — trainer.py:63 — Episode: 525/1000, Score: 141.00, Steps: 153, Epsilon: 0.072
2025-11-20 20:08:12,283 — DQN_CartPole — [INFO] — trainer.py:63 — Episode: 526/1000, Score: 136.00, Steps: 148, Epsilon: 0.072
2025-11-20 20:08:12,328 — DQN_CartPole — [INFO] — trainer.py:63 — Episode: 527/1000, Score: 133.00, Steps: 145, Epsilon: 0.072
2025-11-20 20:08:12,348 — DQN_CartPole — [INFO] — trainer.py:63 — Episode: 528/1000, Score: 101.00, Steps: 113, Epsilon: 0.071
2025-11-20 20:08:12,397 — DQN_CartPole — [INFO] — trainer.py:63 — Episode: 529/1000, Score: 215.00, Steps: 227, Epsilon: 0.071
2025-11-20 20:08:12,435 — DQN_CartPole — [INFO] — trainer.py:63 — Episode: 530/1000, Score: 105.00, Steps: 117, Epsilon: 0.071
2025-11-20 20:08:12,473 — DQN_CartPole — [INFO] — trainer.py:63 — Episode: 531/1000, Score: 108.00, Steps: 120, Epsilon: 0.070
2025-11-20 20:08:12,510 — DQN_CartPole — [INFO] — trainer.py:63 — Episode: 532/1000, Score: 95.00, Steps: 107, Epsilon: 0.070
2025-11-20 20:08:12,525 — DQN_CartPole — [INFO] — trainer.py:63 — Episode: 533/1000, Score: 84.00, Steps: 96, Epsilon: 0.069
2025-11-20 20:08:12,548 — DQN_CartPole — [INFO] — trainer.py:63 — Episode: 534/1000, Score: 108.00, Steps: 120, Epsilon: 0.069
2025-11-20 20:08:12,585 — DQN_CartPole — [INFO] — trainer.py:63 — Episode: 535/1000, Score: 99.00, Steps: 111, Epsilon: 0.069
2025-11-20 20:08:12,621 — DQN_CartPole — [INFO] — trainer.py:63 — Episode: 536/1000, Score: 100.00, Steps: 112, Epsilon: 0.068
2025-11-20 20:08:12,648 — DQN_CartPole — [INFO] — trainer.py:63 — Episode: 537/1000, Score: 96.00, Steps: 108, Epsilon: 0.068
2025-11-20 20:08:12,736 — DQN_CartPole — [INFO] — trainer.py:63 — Episode: 538/1000, Score: 321.00, Steps: 333, Epsilon: 0.068
2025-11-20 20:08:12,761 — DQN_CartPole — [INFO] — trainer.py:63 — Episode: 539/1000, Score: 179.00, Steps: 191, Epsilon: 0.067
2025-11-20 20:08:12,791 — DQN_CartPole — [INFO] — trainer.py:63 — Episode: 540/1000, Score: 102.00, Steps: 114, Epsilon: 0.067
2025-11-20 20:08:12,887 — DQN_CartPole — [INFO] — trainer.py:63 — Episode: 541/1000, Score: 320.00, Steps: 332, Epsilon: 0.067
2025-11-20 20:08:12,938 — DQN_CartPole — [INFO] — trainer.py:63 — Episode: 542/1000, Score: 192.00, Steps: 204, Epsilon: 0.066
2025-11-20 20:08:12,967 — DQN_CartPole — [INFO] — trainer.py:63 — Episode: 543/1000, Score: 108.00, Steps: 120, Epsilon: 0.066
2025-11-20 20:08:13,024 — DQN_CartPole — [INFO] — trainer.py:63 — Episode: 544/1000, Score: 178.00, Steps: 190, Epsilon: 0.066
2025-11-20 20:08:13,066 — DQN_CartPole — [INFO] — trainer.py:63 — Episode: 545/1000, Score: 110.00, Steps: 122, Epsilon: 0.065
